0001_0014_0019_0058_0058.jpg 1 14 19 58 58
0002_0006_0018_0067_0067.jpg 1 6 18 67 67
0003_0012_0010_0046_0046.jpg 1 12 10 46 46
0004_0038_0015_0033_0033.jpg 1 38 15 33 33
0005_0043_0039_0050_0050.jpg 1 43 39 50 50
0006_0025_0004_0066_0066.jpg 1 25 4 66 66
0007_0005_0006_0069_0069.jpg 1 5 6 69 69
0008_0050_0029_0034_0034.jpg 1 50 29 34 34
0009_0005_0008_0050_0050.jpg 1 5 8 50 50
0010_0014_0031_0056_0056.jpg 1 14 31 56 56
0011_0031_0038_0044_0044.jpg 1 31 38 44 44
0012_0021_0007_0030_0030.jpg 1 21 7 30 30
0013_0050_0037_0036_0036.jpg 1 50 37 36 36
0014_0037_0031_0057_0057.jpg 1 37 31 57 57
0015_0006_0009_0058_0058.jpg 1 6 9 58 58
0016_0011_0028_0064_0064.jpg 1 11 28 64 64
0017_0030_0043_0041_0041.jpg 1 30 43 41 41
0018_0016_0032_0062_0062.jpg 1 16 32 62 62
0019_0044_0043_0047_0047.jpg 1 44 43 47 47
0020_0007_0004_0056_0056.jpg 1 7 4 56 56
0021_0029_0028_0059_0059.jpg 1 29 28 59 59
0022_0031_0019_0061_0061.jpg 1 31 19 61 61
0023_0033_0036_0040_0040.jpg 1 33 36 40 40
0024_0025_0005_0068_0068.jpg 1 25 5 68 68
0025_0006_0007_0046_0046.jpg 1 6 7 46 46
0026_0007_0014_0041_0041.jpg 1 7 14 41 41
0027_0063_0043_0028_0028.jpg 1 63 43 28 28
0028_0014_0014_0063_0063.jpg 1 14 14 63 63
0029_0018_0017_0063_0063.jpg 1 18 17 63 63
0030_0027_0023_0069_0069.jpg 1 27 23 69 69
0031_0026_0020_0069_0069.jpg 1 26 20 69 69
0032_0023_0044_0043_0043.jpg 1 23 44 43 43
0033_0027_0019_0062_0062.jpg 1 27 19 62 62
0034_0031_0047_0034_0034.jpg 1 31 47 34 34
0035_0019_0023_0067_0067.jpg 1 19 23 67 67
0036_0009_0020_0045_0045.jpg 1 9 20 45 45
0037_0024_0023_0026_0026.jpg 1 24 23 26 26
0038_0038_0019_0057_0057.jpg 1 38 19 57 57
0039_0013_0026_0051_0051.jpg 1 13 26 51 51
0040_0031_0014_0058_0058.jpg 1 31 14 58 58
0041_0047_0049_0031_0031.jpg 1 47 49 31 31
0042_0046_0032_0039_0039.jpg 1 46 32 39 39
0043_0011_0026_0044_0044.jpg 1 11 26 44 44
0044_0016_0011_0045_0045.jpg 1 16 11 45 45
0045_0007_0012_0050_0050.jpg 1 7 12 50 50
0046_0039_0005_0048_0048.jpg 1 39 5 48 48
0047_0016_0013_0059_0059.jpg 1 16 13 59 59
0048_0023_0055_0026_0026.jpg 1 23 55 26 26
0049_0020_0026_0063_0063.jpg 1 20 26 63 63
0050_0018_0025_0036_0036.jpg 1 18 25 36 36
0051_0030_0008_0059_0059.jpg 1 30 8 59 59
0052_0017_0019_0068_0068.jpg 1 17 19 68 68
0053_0016_0016_0036_0036.jpg 1 16 16 36 36
0054_0039_0041_0043_0043.jpg 1 39 41 43 43
0055_0006_0023_0039_0039.jpg 1 6 23 39 39
0056_0045_0023_0030_0030.jpg 1 45 23 30 30
0057_0011_0023_0065_0065.jpg 1 11 23 65 65
0058_0016_0004_0066_0066.jpg 1 16 4 66 66
0059_0023_0044_0032_0032.jpg 1 23 44 32 32
0060_0048_0006_0044_0044.jpg 1 48 6 44 44
0061_0033_0005_0042_0042.jpg 1 33 5 42 42
0062_0031_0011_0055_0055.jpg 1 31 11 55 55
0063_0031_0027_0064_0064.jpg 1 31 27 64 64
0064_0015_0030_0064_0064.jpg 1 15 30 64 64
0065_0028_0037_0056_0056.jpg 1 28 37 56 56
0066_0033_0017_0060_0060.jpg 1 33 17 60 60
0067_0043_0042_0051_0051.jpg 1 43 42 51 51
0068_0012_0015_0068_0068.jpg 1 12 15 68 68
0069_0006_0010_0044_0044.jpg 1 6 10 44 44
0070_0021_0013_0039_0039.jpg 1 21 13 39 39
0071_0038_0007_0047_0047.jpg 1 38 7 47 47
0072_0028_0032_0025_0025.jpg 1 28 32 25 25
0073_0023_0055_0037_0037.jpg 1 23 55 37 37
0074_0041_0026_0048_0048.jpg 1 41 26 48 48
0075_0013_0008_0033_0033.jpg 1 13 8 33 33
0076_0003_0005_0065_0065.jpg 1 3 5 65 65
0077_0015_0013_0069_0069.jpg 1 15 13 69 69
0078_0006_0015_0062_0062.jpg 1 6 15 62 62
0079_0056_0030_0033_0033.jpg 1 56 30 33 33
0080_0033_0024_0040_0040.jpg 1 33 24 40 40
0081_0016_0061_0030_0030.jpg 1 16 61 30 30
0082_0040_0027_0038_0038.jpg 1 40 27 38 38
0083_0028_0049_0033_0033.jpg 1 28 49 33 33
0084_0027_0019_0066_0066.jpg 1 27 19 66 66
0085_0028_0008_0068_0068.jpg 1 28 8 68 68
0086_0010_0054_0038_0038.jpg 1 10 54 38 38
0087_0024_0060_0026_0026.jpg 1 24 60 26 26
0088_0030_0035_0056_0056.jpg 1 30 35 56 56
0089_0027_0008_0059_0059.jpg 1 27 8 59 59
0090_0021_0005_0055_0055.jpg 1 21 5 55 55
0091_0025_0006_0052_0052.jpg 1 25 6 52 52
0092_0012_0023_0065_0065.jpg 1 12 23 65 65
0093_0013_0028_0061_0061.jpg 1 13 28 61 61
0094_0006_0031_0063_0063.jpg 1 6 31 63 63
0095_0014_0016_0054_0054.jpg 1 14 16 54 54
0096_0040_0011_0027_0027.jpg 1 40 11 27 27
0097_0004_0008_0058_0058.jpg 1 4 8 58 58
0098_0025_0056_0036_0036.jpg 1 25 56 36 36
0099_0021_0017_0051_0051.jpg 1 21 17 51 51
0100_0019_0011_0066_0066.jpg 1 19 11 66 66
0101_0018_0030_0033_0033.jpg 1 18 30 33 33
0102_0027_0006_0059_0059.jpg 1 27 6 59 59
0103_0023_0026_0045_0045.jpg 1 23 26 45 45
0104_0027_0004_0064_0064.jpg 1 27 4 64 64
0105_0007_0010_0065_0065.jpg 1 7 10 65 65
0106_0009_0026_0028_0028.jpg 1 9 26 28 28
0107_0016_0019_0063_0063.jpg 1 16 19 63 63
0108_0023_0011_0064_0064.jpg 1 23 11 64 64
0109_0013_0017_0051_0051.jpg 1 13 17 51 51
0110_0038_0022_0046_0046.jpg 1 38 22 46 46
0111_0014_0006_0063_0063.jpg 1 14 6 63 63
0112_0023_0011_0060_0060.jpg 1 23 11 60 60
0113_0012_0004_0059_0059.jpg 1 12 4 59 59
0114_0059_0035_0031_0031.jpg 1 59 35 31 31
0115_0024_0051_0039_0039.jpg 1 24 51 39 39
0116_0046_0014_0036_0036.jpg 1 46 14 36 36
0117_0019_0015_0060_0060.jpg 1 19 15 60 60
0118_0030_0028_0052_0052.jpg 1 30 28 52 52
0119_0022_0018_0060_0060.jpg 1 22 18 60 60
0120_0039_0050_0042_0042.jpg 1 39 50 42 42
0121_0050_0043_0031_0031.jpg 1 50 43 31 31
0122_0045_0054_0035_0035.jpg 1 45 54 35 35
0123_0014_0032_0030_0030.jpg 1 14 32 30 30
0124_0007_0005_0066_0066.jpg 1 7 5 66 66
0125_0035_0020_0026_0026.jpg 1 35 20 26 26
0126_0021_0043_0025_0025.jpg 1 21 43 25 25
0127_0016_0039_0043_0043.jpg 1 16 39 43 43
0128_0029_0028_0059_0059.jpg 1 29 28 59 59
0129_0014_0020_0030_0030.jpg 1 14 20 30 30
0130_0012_0010_0058_0058.jpg 1 12 10 58 58
0131_0050_0045_0028_0028.jpg 1 50 45 28 28
0132_0021_0014_0056_0056.jpg 1 21 14 56 56
0133_0020_0017_0036_0036.jpg 1 20 17 36 36
0134_0012_0049_0041_0041.jpg 1 12 49 41 41
0135_0035_0051_0032_0032.jpg 1 35 51 32 32
0136_0010_0006_0050_0050.jpg 1 10 6 50 50
0137_0021_0038_0041_0041.jpg 1 21 38 41 41
0138_0054_0020_0035_0035.jpg 1 54 20 35 35
0139_0038_0046_0041_0041.jpg 1 38 46 41 41
0140_0041_0009_0038_0038.jpg 1 41 9 38 38
0141_0027_0027_0040_0040.jpg 1 27 27 40 40
0142_0059_0021_0029_0029.jpg 1 59 21 29 29
0143_0036_0048_0046_0046.jpg 1 36 48 46 46
0144_0010_0007_0064_0064.jpg 1 10 7 64 64
0145_0040_0020_0050_0050.jpg 1 40 20 50 50
0146_0030_0007_0030_0030.jpg 1 30 7 30 30
0147_0026_0056_0027_0027.jpg 1 26 56 27 27
0148_0016_0040_0051_0051.jpg 1 16 40 51 51
0149_0054_0028_0025_0025.jpg 1 54 28 25 25
0150_0008_0036_0059_0059.jpg 1 8 36 59 59
0151_0023_0015_0027_0027.jpg 1 23 15 27 27
0152_0035_0026_0051_0051.jpg 1 35 26 51 51
0153_0024_0009_0042_0042.jpg 1 24 9 42 42
0154_0014_0047_0036_0036.jpg 1 14 47 36 36
0155_0031_0024_0032_0032.jpg 1 31 24 32 32
0156_0052_0056_0024_0024.jpg 1 52 56 24 24
0157_0015_0008_0054_0054.jpg 1 15 8 54 54
0158_0010_0011_0060_0060.jpg 1 10 11 60 60
0159_0024_0058_0030_0030.jpg 1 24 58 30 30
0160_0042_0034_0046_0046.jpg 1 42 34 46 46
0161_0013_0066_0024_0024.jpg 1 13 66 24 24
0162_0014_0013_0068_0068.jpg 1 14 13 68 68
0163_0018_0007_0062_0062.jpg 1 18 7 62 62
0164_0044_0050_0040_0040.jpg 1 44 50 40 40
0165_0025_0008_0047_0047.jpg 1 25 8 47 47
0166_0056_0045_0037_0037.jpg 1 56 45 37 37
0167_0032_0057_0030_0030.jpg 1 32 57 30 30
0168_0044_0014_0046_0046.jpg 1 44 14 46 46
0169_0027_0017_0057_0057.jpg 1 27 17 57 57
0170_0025_0016_0052_0052.jpg 1 25 16 52 52
0171_0018_0062_0029_0029.jpg 1 18 62 29 29
0172_0035_0037_0041_0041.jpg 1 35 37 41 41
0173_0022_0009_0040_0040.jpg 1 22 9 40 40
0174_0009_0062_0030_0030.jpg 1 9 62 30 30
0175_0035_0031_0052_0052.jpg 1 35 31 52 52
0176_0030_0011_0064_0064.jpg 1 30 11 64 64
0177_0042_0018_0041_0041.jpg 1 42 18 41 41
0178_0060_0038_0025_0025.jpg 1 60 38 25 25
0179_0011_0015_0051_0051.jpg 1 11 15 51 51
0180_0063_0009_0029_0029.jpg 1 63 9 29 29
0181_0007_0045_0044_0044.jpg 1 7 45 44 44
0182_0035_0045_0046_0046.jpg 1 35 45 46 46
0183_0027_0012_0044_0044.jpg 1 27 12 44 44
0184_0007_0017_0032_0032.jpg 1 7 17 32 32
0185_0006_0018_0053_0053.jpg 1 6 18 53 53
0186_0042_0041_0048_0048.jpg 1 42 41 48 48
0187_0023_0017_0038_0038.jpg 1 23 17 38 38
0188_0031_0026_0051_0051.jpg 1 31 26 51 51
0189_0051_0018_0042_0042.jpg 1 51 18 42 42
0190_0013_0016_0030_0030.jpg 1 13 16 30 30
0191_0030_0024_0065_0065.jpg 1 30 24 65 65
0192_0048_0017_0046_0046.jpg 1 48 17 46 46
0193_0010_0016_0051_0051.jpg 1 10 16 51 51
0194_0046_0015_0030_0030.jpg 1 46 15 30 30
0195_0028_0053_0027_0027.jpg 1 28 53 27 27
0196_0025_0016_0043_0043.jpg 1 25 16 43 43
0197_0019_0013_0048_0048.jpg 1 19 13 48 48
0198_0021_0025_0060_0060.jpg 1 21 25 60 60
0199_0059_0060_0028_0028.jpg 1 59 60 28 28
0200_0032_0024_0050_0050.jpg 1 32 24 50 50
0201_0045_0047_0034_0034.jpg 1 45 47 34 34
0202_0012_0008_0038_0038.jpg 1 12 8 38 38
0203_0023_0011_0059_0059.jpg 1 23 11 59 59
0204_0045_0041_0049_0049.jpg 1 45 41 49 49
0205_0007_0060_0033_0033.jpg 1 7 60 33 33
0206_0029_0010_0027_0027.jpg 1 29 10 27 27
0207_0018_0006_0057_0057.jpg 1 18 6 57 57
0208_0021_0008_0041_0041.jpg 1 21 8 41 41
0209_0011_0030_0051_0051.jpg 1 11 30 51 51
0210_0018_0048_0046_0046.jpg 1 18 48 46 46
0211_0022_0029_0061_0061.jpg 1 22 29 61 61
0212_0034_0012_0060_0060.jpg 1 34 12 60 60
0213_0025_0012_0060_0060.jpg 1 25 12 60 60
0214_0030_0025_0044_0044.jpg 1 30 25 44 44
0215_0019_0026_0040_0040.jpg 1 19 26 40 40
0216_0056_0016_0035_0035.jpg 1 56 16 35 35
0217_0046_0047_0047_0047.jpg 1 46 47 47 47
0218_0040_0034_0034_0034.jpg 1 40 34 34 34
0219_0038_0051_0038_0038.jpg 1 38 51 38 38
0220_0021_0041_0046_0046.jpg 1 21 41 46 46
0221_0036_0048_0025_0025.jpg 1 36 48 25 25
0222_0012_0011_0032_0032.jpg 1 12 11 32 32
0223_0012_0037_0048_0048.jpg 1 12 37 48 48
0224_0017_0016_0069_0069.jpg 1 17 16 69 69
0225_0015_0006_0061_0061.jpg 1 15 6 61 61
0226_0006_0040_0051_0051.jpg 1 6 40 51 51
0227_0039_0006_0038_0038.jpg 1 39 6 38 38
0228_0058_0020_0031_0031.jpg 1 58 20 31 31
0229_0020_0025_0027_0027.jpg 1 20 25 27 27
0230_0032_0026_0058_0058.jpg 1 32 26 58 58
0231_0056_0059_0028_0028.jpg 1 56 59 28 28
0232_0037_0053_0025_0025.jpg 1 37 53 25 25
0233_0031_0032_0036_0036.jpg 1 31 32 36 36
0234_0022_0007_0061_0061.jpg 1 22 7 61 61
0235_0031_0021_0051_0051.jpg 1 31 21 51 51
0236_0021_0010_0060_0060.jpg 1 21 10 60 60
0237_0015_0008_0056_0056.jpg 1 15 8 56 56
0238_0021_0016_0064_0064.jpg 1 21 16 64 64
0239_0010_0016_0063_0063.jpg 1 10 16 63 63
0240_0021_0004_0058_0058.jpg 1 21 4 58 58
0241_0034_0039_0042_0042.jpg 1 34 39 42 42
0242_0017_0018_0048_0048.jpg 1 17 18 48 48
0243_0011_0016_0047_0047.jpg 1 11 16 47 47
0244_0018_0008_0063_0063.jpg 1 18 8 63 63
0245_0018_0022_0041_0041.jpg 1 18 22 41 41
0246_0013_0006_0051_0051.jpg 1 13 6 51 51
0247_0038_0038_0055_0055.jpg 1 38 38 55 55
0248_0035_0031_0057_0057.jpg 1 35 31 57 57
0249_0012_0022_0039_0039.jpg 1 12 22 39 39
0250_0007_0015_0062_0062.jpg 1 7 15 62 62
0251_0045_0026_0037_0037.jpg 1 45 26 37 37
0252_0010_0009_0057_0057.jpg 1 10 9 57 57
0253_0032_0019_0057_0057.jpg 1 32 19 57 57
0254_0037_0020_0056_0056.jpg 1 37 20 56 56
0255_0014_0015_0051_0051.jpg 1 14 15 51 51
0256_0015_0009_0045_0045.jpg 1 15 9 45 45
0257_0024_0012_0065_0065.jpg 1 24 12 65 65
0258_0047_0021_0024_0024.jpg 1 47 21 24 24
0259_0013_0008_0050_0050.jpg 1 13 8 50 50
0260_0019_0054_0026_0026.jpg 1 19 54 26 26
0261_0017_0057_0030_0030.jpg 1 17 57 30 30
0262_0036_0005_0055_0055.jpg 1 36 5 55 55
0263_0029_0023_0059_0059.jpg 1 29 23 59 59
0264_0047_0033_0045_0045.jpg 1 47 33 45 45
0265_0027_0005_0056_0056.jpg 1 27 5 56 56
0266_0010_0012_0068_0068.jpg 1 10 12 68 68
0267_0017_0009_0052_0052.jpg 1 17 9 52 52
0268_0043_0012_0037_0037.jpg 1 43 12 37 37
0269_0030_0029_0042_0042.jpg 1 30 29 42 42
0270_0037_0009_0036_0036.jpg 1 37 9 36 36
0271_0013_0031_0061_0061.jpg 1 13 31 61 61
0272_0040_0044_0037_0037.jpg 1 40 44 37 37
0273_0015_0040_0036_0036.jpg 1 15 40 36 36
0274_0036_0007_0050_0050.jpg 1 36 7 50 50
0275_0008_0023_0063_0063.jpg 1 8 23 63 63
0276_0023_0054_0037_0037.jpg 1 23 54 37 37
0277_0022_0013_0066_0066.jpg 1 22 13 66 66
0278_0034_0032_0051_0051.jpg 1 34 32 51 51
0279_0020_0012_0047_0047.jpg 1 20 12 47 47
0280_0012_0034_0053_0053.jpg 1 12 34 53 53
0281_0023_0036_0033_0033.jpg 1 23 36 33 33
0282_0056_0038_0032_0032.jpg 1 56 38 32 32
0283_0016_0022_0054_0054.jpg 1 16 22 54 54
0284_0028_0015_0043_0043.jpg 1 28 15 43 43
0285_0010_0024_0057_0057.jpg 1 10 24 57 57
0286_0012_0017_0069_0069.jpg 1 12 17 69 69
0287_0042_0021_0030_0030.jpg 1 42 21 30 30
0288_0012_0025_0044_0044.jpg 1 12 25 44 44
0289_0033_0041_0045_0045.jpg 1 33 41 45 45
0290_0048_0018_0043_0043.jpg 1 48 18 43 43
0291_0011_0015_0065_0065.jpg 1 11 15 65 65
0292_0032_0025_0024_0024.jpg 1 32 25 24 24
0293_0032_0030_0049_0049.jpg 1 32 30 49 49
0294_0038_0005_0055_0055.jpg 1 38 5 55 55
0295_0027_0036_0052_0052.jpg 1 27 36 52 52
0296_0029_0038_0032_0032.jpg 1 29 38 32 32
0297_0007_0007_0064_0064.jpg 1 7 7 64 64
0298_0036_0020_0033_0033.jpg 1 36 20 33 33
0299_0016_0030_0054_0054.jpg 1 16 30 54 54
0300_0034_0019_0052_0052.jpg 1 34 19 52 52
0301_0020_0015_0047_0047.jpg 1 20 15 47 47
0302_0021_0025_0063_0063.jpg 1 21 25 63 63
0303_0014_0033_0057_0057.jpg 1 14 33 57 57
0304_0020_0050_0035_0035.jpg 1 20 50 35 35
0305_0013_0007_0067_0067.jpg 1 13 7 67 67
0306_0023_0005_0065_0065.jpg 1 23 5 65 65
0307_0049_0019_0025_0025.jpg 1 49 19 25 25
0308_0021_0010_0051_0051.jpg 1 21 10 51 51
0309_0037_0031_0057_0057.jpg 1 37 31 57 57
0310_0018_0014_0062_0062.jpg 1 18 14 62 62
0311_0015_0048_0025_0025.jpg 1 15 48 25 25
0312_0036_0041_0053_0053.jpg 1 36 41 53 53
0313_0027_0024_0068_0068.jpg 1 27 24 68 68
0314_0040_0010_0024_0024.jpg 1 40 10 24 24
0315_0025_0020_0061_0061.jpg 1 25 20 61 61
0316_0013_0025_0068_0068.jpg 1 13 25 68 68
0317_0024_0029_0064_0064.jpg 1 24 29 64 64
0318_0029_0045_0043_0043.jpg 1 29 45 43 43
0319_0024_0052_0035_0035.jpg 1 24 52 35 35
0320_0030_0039_0039_0039.jpg 1 30 39 39 39
0321_0015_0043_0025_0025.jpg 1 15 43 25 25
0322_0012_0058_0025_0025.jpg 1 12 58 25 25
0323_0035_0010_0058_0058.jpg 1 35 10 58 58
0324_0030_0015_0044_0044.jpg 1 30 15 44 44
0325_0054_0021_0037_0037.jpg 1 54 21 37 37
0326_0009_0019_0039_0039.jpg 1 9 19 39 39
0327_0025_0014_0049_0049.jpg 1 25 14 49 49
0328_0019_0019_0055_0055.jpg 1 19 19 55 55
0329_0030_0020_0065_0065.jpg 1 30 20 65 65
0330_0029_0012_0056_0056.jpg 1 29 12 56 56
0331_0032_0019_0049_0049.jpg 1 32 19 49 49
0332_0027_0038_0044_0044.jpg 1 27 38 44 44
0333_0043_0036_0029_0029.jpg 1 43 36 29 29
0334_0021_0013_0067_0067.jpg 1 21 13 67 67
0335_0062_0046_0024_0024.jpg 1 62 46 24 24
0336_0012_0010_0031_0031.jpg 1 12 10 31 31
0337_0034_0007_0053_0053.jpg 1 34 7 53 53
0338_0015_0046_0039_0039.jpg 1 15 46 39 39
0339_0043_0024_0045_0045.jpg 1 43 24 45 45
0340_0043_0061_0028_0028.jpg 1 43 61 28 28
0341_0048_0059_0026_0026.jpg 1 48 59 26 26
0342_0016_0020_0069_0069.jpg 1 16 20 69 69
0343_0027_0008_0048_0048.jpg 1 27 8 48 48
0344_0067_0021_0025_0025.jpg 1 67 21 25 25
0345_0010_0033_0028_0028.jpg 1 10 33 28 28
0346_0019_0007_0046_0046.jpg 1 19 7 46 46
0347_0034_0006_0045_0045.jpg 1 34 6 45 45
0348_0044_0012_0038_0038.jpg 1 44 12 38 38
0349_0037_0014_0049_0049.jpg 1 37 14 49 49
0350_0015_0018_0046_0046.jpg 1 15 18 46 46
0351_0010_0016_0063_0063.jpg 1 10 16 63 63
0352_0040_0051_0041_0041.jpg 1 40 51 41 41
0353_0030_0022_0058_0058.jpg 1 30 22 58 58
0354_0030_0019_0042_0042.jpg 1 30 19 42 42
0355_0008_0039_0048_0048.jpg 1 8 39 48 48
0356_0018_0038_0034_0034.jpg 1 18 38 34 34
0357_0016_0025_0058_0058.jpg 1 16 25 58 58
0358_0004_0024_0067_0067.jpg 1 4 24 67 67
0359_0048_0025_0027_0027.jpg 1 48 25 27 27
0360_0021_0005_0059_0059.jpg 1 21 5 59 59
0361_0026_0018_0051_0051.jpg 1 26 18 51 51
0362_0031_0012_0050_0050.jpg 1 31 12 50 50
0363_0010_0022_0052_0052.jpg 1 10 22 52 52
0364_0027_0007_0052_0052.jpg 1 27 7 52 52
0365_0033_0033_0059_0059.jpg 1 33 33 59 59
0366_0035_0039_0043_0043.jpg 1 35 39 43 43
0367_0009_0020_0065_0065.jpg 1 9 20 65 65
0368_0013_0012_0065_0065.jpg 1 13 12 65 65
0369_0023_0016_0028_0028.jpg 1 23 16 28 28
0370_0019_0007_0060_0060.jpg 1 19 7 60 60
0371_0018_0030_0063_0063.jpg 1 18 30 63 63
0372_0036_0019_0035_0035.jpg 1 36 19 35 35
0373_0014_0006_0054_0054.jpg 1 14 6 54 54
0374_0019_0015_0031_0031.jpg 1 19 15 31 31
0375_0037_0013_0050_0050.jpg 1 37 13 50 50
0376_0009_0037_0045_0045.jpg 1 9 37 45 45
0377_0029_0004_0067_0067.jpg 1 29 4 67 67
0378_0012_0038_0050_0050.jpg 1 12 38 50 50
0379_0026_0023_0050_0050.jpg 1 26 23 50 50
0380_0057_0011_0026_0026.jpg 1 57 11 26 26
0381_0023_0011_0063_0063.jpg 1 23 11 63 63
0382_0035_0014_0032_0032.jpg 1 35 14 32 32
0383_0037_0038_0047_0047.jpg 1 37 38 47 47
0384_0010_0037_0051_0051.jpg 1 10 37 51 51
0385_0012_0034_0054_0054.jpg 1 12 34 54 54
0386_0062_0025_0028_0028.jpg 1 62 25 28 28
0387_0013_0035_0057_0057.jpg 1 13 35 57 57
0388_0020_0052_0037_0037.jpg 1 20 52 37 37
0389_0004_0005_0064_0064.jpg 1 4 5 64 64
0390_0035_0061_0031_0031.jpg 1 35 61 31 31
0391_0007_0017_0069_0069.jpg 1 7 17 69 69
0392_0045_0019_0024_0024.jpg 1 45 19 24 24
0393_0035_0042_0044_0044.jpg 1 35 42 44 44
0394_0030_0048_0035_0035.jpg 1 30 48 35 35
0395_0026_0016_0069_0069.jpg 1 26 16 69 69
0396_0017_0019_0060_0060.jpg 1 17 19 60 60
0397_0008_0036_0037_0037.jpg 1 8 36 37 37
0398_0014_0012_0055_0055.jpg 1 14 12 55 55
0399_0030_0008_0042_0042.jpg 1 30 8 42 42
0400_0015_0061_0031_0031.jpg 1 15 61 31 31
0401_0030_0038_0051_0051.jpg 1 30 38 51 51
0402_0014_0020_0066_0066.jpg 1 14 20 66 66
0403_0037_0033_0037_0037.jpg 1 37 33 37 37
0404_0040_0008_0034_0034.jpg 1 40 8 34 34
0405_0043_0035_0037_0037.jpg 1 43 35 37 37
0406_0019_0017_0064_0064.jpg 1 19 17 64 64
0407_0035_0044_0046_0046.jpg 1 35 44 46 46
0408_0039_0029_0043_0043.jpg 1 39 29 43 43
0409_0012_0031_0051_0051.jpg 1 12 31 51 51
0410_0040_0029_0050_0050.jpg 1 40 29 50 50
0411_0027_0032_0030_0030.jpg 1 27 32 30 30
0412_0032_0012_0056_0056.jpg 1 32 12 56 56
0413_0024_0032_0055_0055.jpg 1 24 32 55 55
0414_0014_0010_0024_0024.jpg 1 14 10 24 24
0415_0044_0012_0040_0040.jpg 1 44 12 40 40
0416_0018_0013_0055_0055.jpg 1 18 13 55 55
0417_0043_0044_0029_0029.jpg 1 43 44 29 29
0418_0030_0010_0061_0061.jpg 1 30 10 61 61
0419_0006_0026_0066_0066.jpg 1 6 26 66 66
0420_0013_0028_0034_0034.jpg 1 13 28 34 34
0421_0031_0036_0056_0056.jpg 1 31 36 56 56
0422_0043_0045_0049_0049.jpg 1 43 45 49 49
0423_0006_0008_0065_0065.jpg 1 6 8 65 65
0424_0033_0006_0052_0052.jpg 1 33 6 52 52
0425_0012_0023_0068_0068.jpg 1 12 23 68 68
0426_0004_0023_0053_0053.jpg 1 4 23 53 53
0427_0020_0007_0067_0067.jpg 1 20 7 67 67
0428_0062_0054_0026_0026.jpg 1 62 54 26 26
0429_0051_0048_0041_0041.jpg 1 51 48 41 41
0430_0007_0023_0067_0067.jpg 1 7 23 67 67
0431_0021_0037_0049_0049.jpg 1 21 37 49 49
0432_0039_0035_0034_0034.jpg 1 39 35 34 34
0433_0037_0025_0054_0054.jpg 1 37 25 54 54
0434_0008_0051_0036_0036.jpg 1 8 51 36 36
0435_0037_0031_0058_0058.jpg 1 37 31 58 58
0436_0026_0022_0065_0065.jpg 1 26 22 65 65
0437_0008_0022_0041_0041.jpg 1 8 22 41 41
0438_0032_0026_0062_0062.jpg 1 32 26 62 62
0439_0027_0016_0053_0053.jpg 1 27 16 53 53
0440_0030_0014_0061_0061.jpg 1 30 14 61 61
0441_0021_0019_0057_0057.jpg 1 21 19 57 57
0442_0018_0034_0040_0040.jpg 1 18 34 40 40
0443_0029_0021_0056_0056.jpg 1 29 21 56 56
0444_0033_0050_0041_0041.jpg 1 33 50 41 41
0445_0015_0035_0057_0057.jpg 1 15 35 57 57
0446_0041_0033_0052_0052.jpg 1 41 33 52 52
0447_0032_0048_0042_0042.jpg 1 32 48 42 42
0448_0034_0028_0051_0051.jpg 1 34 28 51 51
0449_0024_0009_0068_0068.jpg 1 24 9 68 68
0450_0029_0043_0038_0038.jpg 1 29 43 38 38
0451_0027_0042_0046_0046.jpg 1 27 42 46 46
0452_0020_0030_0055_0055.jpg 1 20 30 55 55
0453_0023_0005_0069_0069.jpg 1 23 5 69 69
0454_0004_0023_0069_0069.jpg 1 4 23 69 69
0455_0036_0043_0042_0042.jpg 1 36 43 42 42
0456_0029_0021_0034_0034.jpg 1 29 21 34 34
0457_0008_0011_0057_0057.jpg 1 8 11 57 57
0458_0004_0011_0067_0067.jpg 1 4 11 67 67
0459_0027_0012_0056_0056.jpg 1 27 12 56 56
0460_0016_0032_0037_0037.jpg 1 16 32 37 37
0461_0035_0012_0033_0033.jpg 1 35 12 33 33
0462_0038_0061_0028_0028.jpg 1 38 61 28 28
0463_0025_0020_0026_0026.jpg 1 25 20 26 26
0464_0052_0006_0034_0034.jpg 1 52 6 34 34
0465_0010_0018_0040_0040.jpg 1 10 18 40 40
0466_0025_0018_0068_0068.jpg 1 25 18 68 68
0467_0024_0024_0063_0063.jpg 1 24 24 63 63
0468_0058_0059_0030_0030.jpg 1 58 59 30 30
0469_0012_0023_0037_0037.jpg 1 12 23 37 37
0470_0021_0044_0048_0048.jpg 1 21 44 48 48
0471_0019_0006_0061_0061.jpg 1 19 6 61 61
0472_0022_0016_0064_0064.jpg 1 22 16 64 64
0473_0022_0022_0043_0043.jpg 1 22 22 43 43
0474_0032_0023_0053_0053.jpg 1 32 23 53 53
0475_0041_0042_0044_0044.jpg 1 41 42 44 44
0476_0007_0023_0063_0063.jpg 1 7 23 63 63
0477_0040_0036_0045_0045.jpg 1 40 36 45 45
0478_0025_0037_0045_0045.jpg 1 25 37 45 45
0479_0003_0023_0061_0061.jpg 1 3 23 61 61
0480_0015_0007_0068_0068.jpg 1 15 7 68 68
0481_0007_0036_0057_0057.jpg 1 7 36 57 57
0482_0010_0038_0040_0040.jpg 1 10 38 40 40
0483_0024_0024_0056_0056.jpg 1 24 24 56 56
0484_0007_0020_0054_0054.jpg 1 7 20 54 54
0485_0030_0034_0058_0058.jpg 1 30 34 58 58
0486_0022_0013_0040_0040.jpg 1 22 13 40 40
0487_0053_0020_0036_0036.jpg 1 53 20 36 36
0488_0027_0010_0067_0067.jpg 1 27 10 67 67
0489_0028_0012_0041_0041.jpg 1 28 12 41 41
0490_0051_0008_0041_0041.jpg 1 51 8 41 41
0491_0009_0037_0051_0051.jpg 1 9 37 51 51
0492_0038_0025_0036_0036.jpg 1 38 25 36 36
0493_0018_0014_0056_0056.jpg 1 18 14 56 56
0494_0008_0047_0047_0047.jpg 1 8 47 47 47
0495_0045_0025_0027_0027.jpg 1 45 25 27 27
0496_0027_0012_0051_0051.jpg 1 27 12 51 51
0497_0012_0026_0059_0059.jpg 1 12 26 59 59
0498_0061_0041_0024_0024.jpg 1 61 41 24 24
0499_0022_0021_0039_0039.jpg 1 22 21 39 39
0500_0006_0018_0058_0058.jpg 1 6 18 58 58
0501_0005_0020_0064_0064.jpg 1 5 20 64 64
0502_0005_0015_0060_0060.jpg 1 5 15 60 60
0503_0045_0054_0031_0031.jpg 1 45 54 31 31
0504_0022_0012_0065_0065.jpg 1 22 12 65 65
0505_0015_0020_0055_0055.jpg 1 15 20 55 55
0506_0021_0021_0067_0067.jpg 1 21 21 67 67
0507_0025_0039_0044_0044.jpg 1 25 39 44 44
0508_0020_0024_0063_0063.jpg 1 20 24 63 63
0509_0005_0042_0048_0048.jpg 1 5 42 48 48
0510_0024_0019_0043_0043.jpg 1 24 19 43 43
0511_0011_0005_0062_0062.jpg 1 11 5 62 62
0512_0031_0032_0047_0047.jpg 1 31 32 47 47
0513_0031_0044_0030_0030.jpg 1 31 44 30 30
0514_0021_0033_0044_0044.jpg 1 21 33 44 44
0515_0049_0025_0042_0042.jpg 1 49 25 42 42
0516_0010_0053_0035_0035.jpg 1 10 53 35 35
0517_0026_0044_0044_0044.jpg 1 26 44 44 44
0518_0007_0008_0054_0054.jpg 1 7 8 54 54
0519_0029_0018_0067_0067.jpg 1 29 18 67 67
0520_0031_0008_0029_0029.jpg 1 31 8 29 29
0521_0018_0062_0024_0024.jpg 1 18 62 24 24
0522_0003_0010_0061_0061.jpg 1 3 10 61 61
0523_0024_0008_0050_0050.jpg 1 24 8 50 50
0524_0019_0039_0036_0036.jpg 1 19 39 36 36
0525_0011_0041_0047_0047.jpg 1 11 41 47 47
0526_0031_0034_0046_0046.jpg 1 31 34 46 46
0527_0038_0047_0031_0031.jpg 1 38 47 31 31
0528_0013_0033_0056_0056.jpg 1 13 33 56 56
0529_0008_0031_0065_0065.jpg 1 8 31 65 65
0530_0016_0031_0060_0060.jpg 1 16 31 60 60
0531_0063_0044_0024_0024.jpg 1 63 44 24 24
0532_0019_0034_0049_0049.jpg 1 19 34 49 49
0533_0042_0056_0033_0033.jpg 1 42 56 33 33
0534_0004_0023_0069_0069.jpg 1 4 23 69 69
0535_0023_0041_0051_0051.jpg 1 23 41 51 51
0536_0033_0012_0061_0061.jpg 1 33 12 61 61
0537_0028_0047_0036_0036.jpg 1 28 47 36 36
0538_0016_0037_0040_0040.jpg 1 16 37 40 40
0539_0024_0029_0061_0061.jpg 1 24 29 61 61
0540_0018_0011_0040_0040.jpg 1 18 11 40 40
0541_0006_0015_0050_0050.jpg 1 6 15 50 50
0542_0011_0050_0038_0038.jpg 1 11 50 38 38
0543_0045_0029_0042_0042.jpg 1 45 29 42 42
0544_0033_0032_0051_0051.jpg 1 33 32 51 51
0545_0013_0023_0069_0069.jpg 1 13 23 69 69
0546_0009_0029_0055_0055.jpg 1 9 29 55 55
0547_0038_0040_0041_0041.jpg 1 38 40 41 41
0548_0044_0057_0026_0026.jpg 1 44 57 26 26
0549_0004_0020_0057_0057.jpg 1 4 20 57 57
0550_0013_0007_0055_0055.jpg 1 13 7 55 55
0551_0018_0031_0043_0043.jpg 1 18 31 43 43
0552_0016_0020_0053_0053.jpg 1 16 20 53 53
0553_0019_0012_0067_0067.jpg 1 19 12 67 67
0554_0035_0018_0054_0054.jpg 1 35 18 54 54
0555_0034_0010_0059_0059.jpg 1 34 10 59 59
0556_0023_0014_0037_0037.jpg 1 23 14 37 37
0557_0049_0008_0034_0034.jpg 1 49 8 34 34
0558_0046_0066_0024_0024.jpg 1 46 66 24 24
0559_0033_0031_0059_0059.jpg 1 33 31 59 59
0560_0017_0030_0058_0058.jpg 1 17 30 58 58
0561_0010_0028_0055_0055.jpg 1 10 28 55 55
0562_0018_0012_0068_0068.jpg 1 18 12 68 68
0563_0044_0043_0041_0041.jpg 1 44 43 41 41
0564_0044_0031_0027_0027.jpg 1 44 31 27 27
0565_0012_0016_0066_0066.jpg 1 12 16 66 66
0566_0024_0021_0066_0066.jpg 1 24 21 66 66
0567_0025_0046_0028_0028.jpg 1 25 46 28 28
0568_0029_0009_0044_0044.jpg 1 29 9 44 44
0569_0014_0014_0067_0067.jpg 1 14 14 67 67
0570_0029_0042_0042_0042.jpg 1 29 42 42 42
0571_0019_0044_0038_0038.jpg 1 19 44 38 38
0572_0011_0045_0046_0046.jpg 1 11 45 46 46
0573_0040_0005_0044_0044.jpg 1 40 5 44 44
0574_0017_0023_0050_0050.jpg 1 17 23 50 50
0575_0026_0007_0065_0065.jpg 1 26 7 65 65
0576_0020_0029_0058_0058.jpg 1 20 29 58 58
0577_0044_0024_0036_0036.jpg 1 44 24 36 36
0578_0037_0025_0055_0055.jpg 1 37 25 55 55
0579_0018_0045_0035_0035.jpg 1 18 45 35 35
0580_0025_0020_0059_0059.jpg 1 25 20 59 59
0581_0028_0026_0065_0065.jpg 1 28 26 65 65
0582_0056_0025_0032_0032.jpg 1 56 25 32 32
0583_0021_0023_0055_0055.jpg 1 21 23 55 55
0584_0005_0011_0067_0067.jpg 1 5 11 67 67
0585_0048_0010_0030_0030.jpg 1 48 10 30 30
0586_0028_0024_0042_0042.jpg 1 28 24 42 42
0587_0029_0024_0052_0052.jpg 1 29 24 52 52
0588_0015_0021_0045_0045.jpg 1 15 21 45 45
0589_0011_0053_0026_0026.jpg 1 11 53 26 26
0590_0021_0037_0025_0025.jpg 1 21 37 25 25
0591_0013_0018_0046_0046.jpg 1 13 18 46 46
0592_0031_0040_0052_0052.jpg 1 31 40 52 52
0593_0028_0032_0037_0037.jpg 1 28 32 37 37
0594_0045_0022_0039_0039.jpg 1 45 22 39 39
0595_0008_0023_0068_0068.jpg 1 8 23 68 68
0596_0013_0031_0025_0025.jpg 1 13 31 25 25
0597_0007_0017_0061_0061.jpg 1 7 17 61 61
0598_0036_0012_0047_0047.jpg 1 36 12 47 47
0599_0031_0013_0039_0039.jpg 1 31 13 39 39
0600_0022_0012_0049_0049.jpg 1 22 12 49 49
0601_0013_0031_0064_0064.jpg 1 13 31 64 64
0602_0012_0018_0036_0036.jpg 1 12 18 36 36
0603_0036_0028_0056_0056.jpg 1 36 28 56 56
0604_0049_0059_0030_0030.jpg 1 49 59 30 30
0605_0030_0021_0065_0065.jpg 1 30 21 65 65
0606_0031_0033_0036_0036.jpg 1 31 33 36 36
0607_0020_0010_0058_0058.jpg 1 20 10 58 58
0608_0019_0032_0060_0060.jpg 1 19 32 60 60
0609_0028_0006_0059_0059.jpg 1 28 6 59 59
0610_0022_0039_0052_0052.jpg 1 22 39 52 52
0611_0007_0015_0026_0026.jpg 1 7 15 26 26
0612_0009_0039_0051_0051.jpg 1 9 39 51 51
0613_0014_0022_0047_0047.jpg 1 14 22 47 47
0614_0031_0009_0064_0064.jpg 1 31 9 64 64
0615_0045_0034_0040_0040.jpg 1 45 34 40 40
0616_0033_0017_0052_0052.jpg 1 33 17 52 52
0617_0024_0027_0064_0064.jpg 1 24 27 64 64
0618_0006_0009_0060_0060.jpg 1 6 9 60 60
0619_0025_0009_0066_0066.jpg 1 25 9 66 66
0620_0010_0036_0054_0054.jpg 1 10 36 54 54
0621_0014_0009_0055_0055.jpg 1 14 9 55 55
0622_0032_0033_0059_0059.jpg 1 32 33 59 59
0623_0014_0007_0053_0053.jpg 1 14 7 53 53
0624_0027_0021_0063_0063.jpg 1 27 21 63 63
0625_0049_0035_0029_0029.jpg 1 49 35 29 29
0626_0012_0054_0027_0027.jpg 1 12 54 27 27
0627_0017_0004_0061_0061.jpg 1 17 4 61 61
0628_0039_0033_0056_0056.jpg 1 39 33 56 56
0629_0022_0020_0067_0067.jpg 1 22 20 67 67
0630_0045_0035_0048_0048.jpg 1 45 35 48 48
0631_0028_0046_0048_0048.jpg 1 28 46 48 48
0632_0033_0010_0062_0062.jpg 1 33 10 62 62
0633_0030_0010_0025_0025.jpg 1 30 10 25 25
0634_0023_0008_0061_0061.jpg 1 23 8 61 61
0635_0016_0024_0064_0064.jpg 1 16 24 64 64
0636_0023_0016_0049_0049.jpg 1 23 16 49 49
0637_0053_0051_0025_0025.jpg 1 53 51 25 25
0638_0035_0033_0035_0035.jpg 1 35 33 35 35
0639_0051_0047_0030_0030.jpg 1 51 47 30 30
0640_0024_0009_0060_0060.jpg 1 24 9 60 60
0641_0057_0008_0026_0026.jpg 1 57 8 26 26
0642_0037_0016_0051_0051.jpg 1 37 16 51 51
0643_0042_0013_0052_0052.jpg 1 42 13 52 52
0644_0024_0025_0031_0031.jpg 1 24 25 31 31
0645_0027_0026_0058_0058.jpg 1 27 26 58 58
0646_0031_0010_0064_0064.jpg 1 31 10 64 64
0647_0032_0033_0051_0051.jpg 1 32 33 51 51
0648_0022_0018_0051_0051.jpg 1 22 18 51 51
0649_0040_0061_0031_0031.jpg 1 40 61 31 31
0650_0029_0028_0049_0049.jpg 1 29 28 49 49
0651_0032_0018_0048_0048.jpg 1 32 18 48 48
0652_0030_0036_0045_0045.jpg 1 30 36 45 45
0653_0009_0026_0059_0059.jpg 1 9 26 59 59
0654_0042_0010_0038_0038.jpg 1 42 10 38 38
0655_0025_0033_0060_0060.jpg 1 25 33 60 60
0656_0037_0017_0029_0029.jpg 1 37 17 29 29
0657_0040_0020_0036_0036.jpg 1 40 20 36 36
0658_0015_0010_0059_0059.jpg 1 15 10 59 59
0659_0026_0017_0061_0061.jpg 1 26 17 61 61
0660_0007_0036_0052_0052.jpg 1 7 36 52 52
0661_0046_0033_0044_0044.jpg 1 46 33 44 44
0662_0020_0019_0053_0053.jpg 1 20 19 53 53
0663_0013_0044_0033_0033.jpg 1 13 44 33 33
0664_0008_0019_0069_0069.jpg 1 8 19 69 69
0665_0035_0013_0050_0050.jpg 1 35 13 50 50
0666_0031_0024_0040_0040.jpg 1 31 24 40 40
0667_0046_0065_0024_0024.jpg 1 46 65 24 24
0668_0013_0019_0039_0039.jpg 1 13 19 39 39
0669_0023_0024_0047_0047.jpg 1 23 24 47 47
0670_0021_0021_0050_0050.jpg 1 21 21 50 50
0671_0017_0052_0033_0033.jpg 1 17 52 33 33
0672_0015_0008_0049_0049.jpg 1 15 8 49 49
0673_0018_0008_0060_0060.jpg 1 18 8 60 60
0674_0008_0032_0054_0054.jpg 1 8 32 54 54
0675_0013_0023_0040_0040.jpg 1 13 23 40 40
0676_0035_0050_0041_0041.jpg 1 35 50 41 41
0677_0012_0029_0024_0024.jpg 1 12 29 24 24
0678_0022_0025_0059_0059.jpg 1 22 25 59 59
0679_0029_0054_0030_0030.jpg 1 29 54 30 30
0680_0027_0025_0053_0053.jpg 1 27 25 53 53
0681_0046_0040_0024_0024.jpg 1 46 40 24 24
0682_0030_0013_0039_0039.jpg 1 30 13 39 39
0683_0017_0044_0031_0031.jpg 1 17 44 31 31
0684_0056_0019_0032_0032.jpg 1 56 19 32 32
0685_0007_0008_0060_0060.jpg 1 7 8 60 60
0686_0013_0026_0069_0069.jpg 1 13 26 69 69
0687_0020_0013_0060_0060.jpg 1 20 13 60 60
0688_0052_0014_0039_0039.jpg 1 52 14 39 39
0689_0028_0023_0030_0030.jpg 1 28 23 30 30
0690_0018_0010_0059_0059.jpg 1 18 10 59 59
0691_0044_0007_0031_0031.jpg 1 44 7 31 31
0692_0014_0008_0061_0061.jpg 1 14 8 61 61
0693_0014_0022_0035_0035.jpg 1 14 22 35 35
0694_0021_0021_0065_0065.jpg 1 21 21 65 65
0695_0011_0014_0061_0061.jpg 1 11 14 61 61
0696_0037_0039_0050_0050.jpg 1 37 39 50 50
0697_0013_0043_0039_0039.jpg 1 13 43 39 39
0698_0018_0023_0065_0065.jpg 1 18 23 65 65
0699_0061_0049_0025_0025.jpg 1 61 49 25 25
0700_0044_0041_0035_0035.jpg 1 44 41 35 35
0701_0033_0007_0042_0042.jpg 1 33 7 42 42
0702_0027_0026_0054_0054.jpg 1 27 26 54 54
0703_0037_0042_0026_0026.jpg 1 37 42 26 26
0704_0051_0052_0024_0024.jpg 1 51 52 24 24
0705_0007_0039_0050_0050.jpg 1 7 39 50 50
0706_0045_0013_0049_0049.jpg 1 45 13 49 49
0707_0015_0014_0067_0067.jpg 1 15 14 67 67
0708_0022_0032_0052_0052.jpg 1 22 32 52 52
0709_0036_0015_0058_0058.jpg 1 36 15 58 58
0710_0018_0014_0024_0024.jpg 1 18 14 24 24
0711_0007_0054_0039_0039.jpg 1 7 54 39 39
0712_0056_0056_0026_0026.jpg 1 56 56 26 26
0713_0011_0005_0067_0067.jpg 1 11 5 67 67
0714_0052_0060_0031_0031.jpg 1 52 60 31 31
0715_0023_0041_0043_0043.jpg 1 23 41 43 43
0716_0030_0032_0047_0047.jpg 1 30 32 47 47
0717_0038_0035_0048_0048.jpg 1 38 35 48 48
0718_0028_0029_0060_0060.jpg 1 28 29 60 60
0719_0035_0029_0057_0057.jpg 1 35 29 57 57
0720_0019_0018_0061_0061.jpg 1 19 18 61 61
0721_0031_0043_0043_0043.jpg 1 31 43 43 43
0722_0041_0006_0043_0043.jpg 1 41 6 43 43
0723_0035_0032_0047_0047.jpg 1 35 32 47 47
0724_0008_0035_0051_0051.jpg 1 8 35 51 51
0725_0030_0019_0048_0048.jpg 1 30 19 48 48
0726_0015_0021_0067_0067.jpg 1 15 21 67 67
0727_0020_0043_0044_0044.jpg 1 20 43 44 44
0728_0019_0026_0043_0043.jpg 1 19 26 43 43
0729_0040_0050_0026_0026.jpg 1 40 50 26 26
0730_0022_0033_0052_0052.jpg 1 22 33 52 52
0731_0010_0025_0065_0065.jpg 1 10 25 65 65
0732_0027_0018_0067_0067.jpg 1 27 18 67 67
0733_0012_0010_0030_0030.jpg 1 12 10 30 30
0734_0048_0044_0037_0037.jpg 1 48 44 37 37
0735_0012_0047_0025_0025.jpg 1 12 47 25 25
0736_0064_0034_0027_0027.jpg 1 64 34 27 27
0737_0011_0037_0029_0029.jpg 1 11 37 29 29
0738_0016_0013_0059_0059.jpg 1 16 13 59 59
0739_0010_0025_0044_0044.jpg 1 10 25 44 44
0740_0009_0050_0035_0035.jpg 1 9 50 35 35
0741_0019_0022_0048_0048.jpg 1 19 22 48 48
0742_0022_0018_0068_0068.jpg 1 22 18 68 68
0743_0060_0019_0026_0026.jpg 1 60 19 26 26
0744_0014_0024_0045_0045.jpg 1 14 24 45 45
0745_0027_0024_0050_0050.jpg 1 27 24 50 50
0746_0040_0043_0037_0037.jpg 1 40 43 37 37
0747_0039_0023_0036_0036.jpg 1 39 23 36 36
0748_0011_0020_0063_0063.jpg 1 11 20 63 63
0749_0014_0036_0051_0051.jpg 1 14 36 51 51
0750_0011_0003_0062_0062.jpg 1 11 3 62 62
0751_0024_0031_0057_0057.jpg 1 24 31 57 57
0752_0008_0006_0036_0036.jpg 1 8 6 36 36
0753_0007_0028_0049_0049.jpg 1 7 28 49 49
0754_0011_0032_0040_0040.jpg 1 11 32 40 40
0755_0021_0004_0069_0069.jpg 1 21 4 69 69
0756_0036_0021_0051_0051.jpg 1 36 21 51 51
0757_0047_0012_0032_0032.jpg 1 47 12 32 32
0758_0019_0017_0040_0040.jpg 1 19 17 40 40
0759_0003_0019_0068_0068.jpg 1 3 19 68 68
0760_0025_0047_0031_0031.jpg 1 25 47 31 31
0761_0025_0021_0064_0064.jpg 1 25 21 64 64
0762_0006_0008_0060_0060.jpg 1 6 8 60 60
0763_0039_0012_0028_0028.jpg 1 39 12 28 28
0764_0062_0043_0026_0026.jpg 1 62 43 26 26
0765_0043_0029_0052_0052.jpg 1 43 29 52 52
0766_0048_0044_0039_0039.jpg 1 48 44 39 39
0767_0008_0046_0031_0031.jpg 1 8 46 31 31
0768_0014_0014_0056_0056.jpg 1 14 14 56 56
0769_0024_0040_0049_0049.jpg 1 24 40 49 49
0770_0029_0013_0064_0064.jpg 1 29 13 64 64
0771_0019_0036_0026_0026.jpg 1 19 36 26 26
0772_0007_0031_0036_0036.jpg 1 7 31 36 36
0773_0009_0032_0028_0028.jpg 1 9 32 28 28
0774_0005_0014_0064_0064.jpg 1 5 14 64 64
0775_0028_0027_0068_0068.jpg 1 28 27 68 68
0776_0036_0041_0033_0033.jpg 1 36 41 33 33
0777_0013_0009_0038_0038.jpg 1 13 9 38 38
0778_0050_0008_0030_0030.jpg 1 50 8 30 30
0779_0052_0035_0033_0033.jpg 1 52 35 33 33
0780_0009_0023_0064_0064.jpg 1 9 23 64 64
0781_0005_0012_0055_0055.jpg 1 5 12 55 55
0782_0007_0021_0044_0044.jpg 1 7 21 44 44
0783_0034_0009_0053_0053.jpg 1 34 9 53 53
0784_0044_0021_0035_0035.jpg 1 44 21 35 35
0785_0007_0007_0050_0050.jpg 1 7 7 50 50
0786_0005_0020_0068_0068.jpg 1 5 20 68 68
0787_0043_0043_0033_0033.jpg 1 43 43 33 33
0788_0035_0037_0038_0038.jpg 1 35 37 38 38
0789_0013_0017_0044_0044.jpg 1 13 17 44 44
0790_0025_0032_0031_0031.jpg 1 25 32 31 31
0791_0010_0034_0047_0047.jpg 1 10 34 47 47
0792_0020_0006_0049_0049.jpg 1 20 6 49 49
0793_0010_0034_0056_0056.jpg 1 10 34 56 56
0794_0030_0030_0062_0062.jpg 1 30 30 62 62
0795_0031_0024_0058_0058.jpg 1 31 24 58 58
0796_0013_0039_0030_0030.jpg 1 13 39 30 30
0797_0025_0017_0059_0059.jpg 1 25 17 59 59
0798_0016_0005_0059_0059.jpg 1 16 5 59 59
0799_0027_0034_0049_0049.jpg 1 27 34 49 49
0800_0024_0007_0039_0039.jpg 1 24 7 39 39
0801_0018_0015_0053_0053.jpg 1 18 15 53 53
0802_0011_0018_0053_0053.jpg 1 11 18 53 53
0803_0026_0011_0067_0067.jpg 1 26 11 67 67
0804_0038_0033_0049_0049.jpg 1 38 33 49 49
0805_0026_0024_0060_0060.jpg 1 26 24 60 60
0806_0019_0053_0034_0034.jpg 1 19 53 34 34
0807_0011_0040_0044_0044.jpg 1 11 40 44 44
0808_0038_0021_0047_0047.jpg 1 38 21 47 47
0809_0028_0027_0064_0064.jpg 1 28 27 64 64
0810_0008_0030_0059_0059.jpg 1 8 30 59 59
0811_0008_0011_0061_0061.jpg 1 8 11 61 61
0812_0007_0004_0066_0066.jpg 1 7 4 66 66
0813_0035_0019_0044_0044.jpg 1 35 19 44 44
0814_0007_0029_0043_0043.jpg 1 7 29 43 43
0815_0025_0041_0045_0045.jpg 1 25 41 45 45
0816_0033_0015_0052_0052.jpg 1 33 15 52 52
0817_0039_0036_0053_0053.jpg 1 39 36 53 53
0818_0058_0042_0033_0033.jpg 1 58 42 33 33
0819_0054_0063_0029_0029.jpg 1 54 63 29 29
0820_0017_0028_0063_0063.jpg 1 17 28 63 63
0821_0053_0019_0027_0027.jpg 1 53 19 27 27
0822_0013_0010_0067_0067.jpg 1 13 10 67 67
0823_0023_0062_0027_0027.jpg 1 23 62 27 27
0824_0048_0046_0033_0033.jpg 1 48 46 33 33
0825_0049_0021_0029_0029.jpg 1 49 21 29 29
0826_0047_0025_0030_0030.jpg 1 47 25 30 30
0827_0021_0006_0050_0050.jpg 1 21 6 50 50
0828_0007_0005_0050_0050.jpg 1 7 5 50 50
0829_0054_0014_0025_0025.jpg 1 54 14 25 25
0830_0010_0032_0052_0052.jpg 1 10 32 52 52
0831_0023_0038_0055_0055.jpg 1 23 38 55 55
0832_0026_0018_0060_0060.jpg 1 26 18 60 60
0833_0053_0048_0031_0031.jpg 1 53 48 31 31
0834_0054_0062_0028_0028.jpg 1 54 62 28 28
0835_0031_0005_0064_0064.jpg 1 31 5 64 64
0836_0042_0022_0038_0038.jpg 1 42 22 38 38
0837_0015_0028_0061_0061.jpg 1 15 28 61 61
0838_0025_0013_0068_0068.jpg 1 25 13 68 68
0839_0033_0018_0042_0042.jpg 1 33 18 42 42
0840_0023_0024_0037_0037.jpg 1 23 24 37 37
0841_0030_0037_0033_0033.jpg 1 30 37 33 33
0842_0038_0034_0053_0053.jpg 1 38 34 53 53
0843_0036_0048_0040_0040.jpg 1 36 48 40 40
0844_0038_0022_0050_0050.jpg 1 38 22 50 50
0845_0058_0057_0027_0027.jpg 1 58 57 27 27
0846_0010_0056_0026_0026.jpg 1 10 56 26 26
0847_0019_0029_0061_0061.jpg 1 19 29 61 61
0848_0017_0014_0041_0041.jpg 1 17 14 41 41
0849_0037_0050_0041_0041.jpg 1 37 50 41 41
0850_0025_0005_0056_0056.jpg 1 25 5 56 56
0851_0012_0041_0046_0046.jpg 1 12 41 46 46
0852_0033_0008_0056_0056.jpg 1 33 8 56 56
0853_0007_0009_0036_0036.jpg 1 7 9 36 36
0854_0015_0007_0047_0047.jpg 1 15 7 47 47
0855_0041_0013_0026_0026.jpg 1 41 13 26 26
0856_0014_0022_0066_0066.jpg 1 14 22 66 66
0857_0054_0025_0034_0034.jpg 1 54 25 34 34
0858_0034_0043_0042_0042.jpg 1 34 43 42 42
0859_0028_0008_0068_0068.jpg 1 28 8 68 68
0860_0024_0019_0068_0068.jpg 1 24 19 68 68
0861_0028_0033_0056_0056.jpg 1 28 33 56 56
0862_0008_0005_0060_0060.jpg 1 8 5 60 60
0863_0038_0055_0037_0037.jpg 1 38 55 37 37
0864_0032_0028_0044_0044.jpg 1 32 28 44 44
0865_0035_0017_0026_0026.jpg 1 35 17 26 26
0866_0050_0039_0043_0043.jpg 1 50 39 43 43
0867_0031_0038_0051_0051.jpg 1 31 38 51 51
0868_0017_0046_0040_0040.jpg 1 17 46 40 40
0869_0017_0012_0046_0046.jpg 1 17 12 46 46
0870_0003_0005_0067_0067.jpg 1 3 5 67 67
0871_0045_0015_0047_0047.jpg 1 45 15 47 47
0872_0024_0020_0052_0052.jpg 1 24 20 52 52
0873_0009_0054_0028_0028.jpg 1 9 54 28 28
0874_0008_0013_0049_0049.jpg 1 8 13 49 49
0875_0010_0039_0034_0034.jpg 1 10 39 34 34
0876_0015_0041_0048_0048.jpg 1 15 41 48 48
0877_0030_0026_0029_0029.jpg 1 30 26 29 29
0878_0019_0010_0047_0047.jpg 1 19 10 47 47
0879_0048_0056_0034_0034.jpg 1 48 56 34 34
0880_0023_0055_0035_0035.jpg 1 23 55 35 35
0881_0008_0031_0059_0059.jpg 1 8 31 59 59
0882_0037_0013_0050_0050.jpg 1 37 13 50 50
0883_0034_0042_0049_0049.jpg 1 34 42 49 49
0884_0012_0019_0062_0062.jpg 1 12 19 62 62
0885_0051_0012_0041_0041.jpg 1 51 12 41 41
0886_0025_0028_0059_0059.jpg 1 25 28 59 59
0887_0018_0038_0054_0054.jpg 1 18 38 54 54
0888_0029_0036_0048_0048.jpg 1 29 36 48 48
0889_0006_0015_0066_0066.jpg 1 6 15 66 66
0890_0022_0008_0064_0064.jpg 1 22 8 64 64
0891_0025_0027_0069_0069.jpg 1 25 27 69 69
0892_0035_0037_0046_0046.jpg 1 35 37 46 46
0893_0019_0041_0035_0035.jpg 1 19 41 35 35
0894_0011_0046_0048_0048.jpg 1 11 46 48 48
0895_0049_0055_0030_0030.jpg 1 49 55 30 30
0896_0038_0032_0030_0030.jpg 1 38 32 30 30
0897_0009_0026_0068_0068.jpg 1 9 26 68 68
0898_0027_0022_0066_0066.jpg 1 27 22 66 66
0899_0059_0014_0028_0028.jpg 1 59 14 28 28
0900_0006_0018_0052_0052.jpg 1 6 18 52 52
0901_0038_0006_0053_0053.jpg 1 38 6 53 53
0902_0033_0007_0063_0063.jpg 1 33 7 63 63
0903_0028_0035_0060_0060.jpg 1 28 35 60 60
0904_0005_0040_0049_0049.jpg 1 5 40 49 49
0905_0022_0027_0029_0029.jpg 1 22 27 29 29
0906_0030_0016_0027_0027.jpg 1 30 16 27 27
0907_0009_0010_0034_0034.jpg 1 9 10 34 34
0908_0009_0024_0046_0046.jpg 1 9 24 46 46
0909_0023_0026_0068_0068.jpg 1 23 26 68 68
0910_0010_0026_0057_0057.jpg 1 10 26 57 57
0911_0011_0020_0060_0060.jpg 1 11 20 60 60
0912_0012_0051_0025_0025.jpg 1 12 51 25 25
0913_0032_0025_0058_0058.jpg 1 32 25 58 58
0914_0034_0033_0050_0050.jpg 1 34 33 50 50
0915_0018_0021_0054_0054.jpg 1 18 21 54 54
0916_0010_0028_0059_0059.jpg 1 10 28 59 59
0917_0006_0036_0048_0048.jpg 1 6 36 48 48
0918_0033_0060_0029_0029.jpg 1 33 60 29 29
0919_0019_0037_0054_0054.jpg 1 19 37 54 54
0920_0015_0021_0064_0064.jpg 1 15 21 64 64
0921_0020_0018_0069_0069.jpg 1 20 18 69 69
0922_0025_0005_0063_0063.jpg 1 25 5 63 63
0923_0027_0026_0049_0049.jpg 1 27 26 49 49
0924_0007_0017_0061_0061.jpg 1 7 17 61 61
0925_0024_0017_0043_0043.jpg 1 24 17 43 43
0926_0012_0004_0062_0062.jpg 1 12 4 62 62
0927_0036_0024_0059_0059.jpg 1 36 24 59 59
0928_0016_0030_0039_0039.jpg 1 16 30 39 39
0929_0017_0005_0069_0069.jpg 1 17 5 69 69
0930_0023_0040_0044_0044.jpg 1 23 40 44 44
0931_0007_0050_0043_0043.jpg 1 7 50 43 43
0932_0024_0050_0036_0036.jpg 1 24 50 36 36
0933_0004_0031_0064_0064.jpg 1 4 31 64 64
0934_0011_0009_0059_0059.jpg 1 11 9 59 59
0935_0010_0006_0062_0062.jpg 1 10 6 62 62
0936_0011_0019_0043_0043.jpg 1 11 19 43 43
0937_0023_0010_0062_0062.jpg 1 23 10 62 62
0938_0030_0021_0055_0055.jpg 1 30 21 55 55
0939_0056_0010_0025_0025.jpg 1 56 10 25 25
0940_0048_0007_0046_0046.jpg 1 48 7 46 46
0941_0032_0026_0046_0046.jpg 1 32 26 46 46
0942_0010_0020_0069_0069.jpg 1 10 20 69 69
0943_0022_0020_0034_0034.jpg 1 22 20 34 34
0944_0039_0024_0045_0045.jpg 1 39 24 45 45
0945_0041_0012_0035_0035.jpg 1 41 12 35 35
0946_0034_0007_0057_0057.jpg 1 34 7 57 57
0947_0026_0034_0060_0060.jpg 1 26 34 60 60
0948_0042_0016_0034_0034.jpg 1 42 16 34 34
0949_0025_0009_0069_0069.jpg 1 25 9 69 69
0950_0030_0008_0053_0053.jpg 1 30 8 53 53
0951_0029_0027_0066_0066.jpg 1 29 27 66 66
0952_0027_0051_0036_0036.jpg 1 27 51 36 36
0953_0026_0006_0068_0068.jpg 1 26 6 68 68
0954_0030_0038_0047_0047.jpg 1 30 38 47 47
0955_0016_0013_0031_0031.jpg 1 16 13 31 31
0956_0054_0046_0034_0034.jpg 1 54 46 34 34
0957_0048_0041_0040_0040.jpg 1 48 41 40 40
0958_0042_0020_0040_0040.jpg 1 42 20 40 40
0959_0008_0025_0054_0054.jpg 1 8 25 54 54
0960_0044_0034_0028_0028.jpg 1 44 34 28 28
0961_0021_0031_0041_0041.jpg 1 21 31 41 41
0962_0013_0017_0062_0062.jpg 1 13 17 62 62
0963_0016_0032_0056_0056.jpg 1 16 32 56 56
0964_0049_0038_0040_0040.jpg 1 49 38 40 40
0965_0029_0026_0054_0054.jpg 1 29 26 54 54
0966_0033_0031_0045_0045.jpg 1 33 31 45 45
0967_0034_0036_0052_0052.jpg 1 34 36 52 52
0968_0033_0026_0037_0037.jpg 1 33 26 37 37
0969_0029_0029_0046_0046.jpg 1 29 29 46 46
0970_0007_0014_0064_0064.jpg 1 7 14 64 64
0971_0026_0036_0028_0028.jpg 1 26 36 28 28
0972_0031_0043_0043_0043.jpg 1 31 43 43 43
0973_0050_0027_0041_0041.jpg 1 50 27 41 41
0974_0039_0022_0038_0038.jpg 1 39 22 38 38
0975_0037_0029_0048_0048.jpg 1 37 29 48 48
0976_0058_0031_0028_0028.jpg 1 58 31 28 28
0977_0019_0010_0063_0063.jpg 1 19 10 63 63
0978_0039_0042_0036_0036.jpg 1 39 42 36 36
0979_0029_0010_0039_0039.jpg 1 29 10 39 39
0980_0025_0047_0044_0044.jpg 1 25 47 44 44
0981_0022_0030_0051_0051.jpg 1 22 30 51 51
0982_0057_0017_0035_0035.jpg 1 57 17 35 35
0983_0011_0031_0025_0025.jpg 1 11 31 25 25
0984_0033_0035_0060_0060.jpg 1 33 35 60 60
0985_0049_0014_0038_0038.jpg 1 49 14 38 38
0986_0006_0007_0061_0061.jpg 1 6 7 61 61
0987_0042_0047_0039_0039.jpg 1 42 47 39 39
0988_0030_0052_0024_0024.jpg 1 30 52 24 24
0989_0045_0021_0038_0038.jpg 1 45 21 38 38
0990_0022_0039_0055_0055.jpg 1 22 39 55 55
0991_0026_0036_0040_0040.jpg 1 26 36 40 40
0992_0041_0013_0038_0038.jpg 1 41 13 38 38
0993_0048_0017_0026_0026.jpg 1 48 17 26 26
0994_0026_0005_0051_0051.jpg 1 26 5 51 51
0995_0011_0018_0062_0062.jpg 1 11 18 62 62
0996_0042_0046_0024_0024.jpg 1 42 46 24 24
0997_0043_0032_0037_0037.jpg 1 43 32 37 37
0998_0032_0033_0048_0048.jpg 1 32 33 48 48
0999_0009_0007_0048_0048.jpg 1 9 7 48 48
1000_0007_0005_0064_0064.jpg 1 7 5 64 64
1001_0032_0008_0054_0054.jpg 1 32 8 54 54
1002_0033_0038_0055_0055.jpg 1 33 38 55 55
1003_0016_0011_0050_0050.jpg 1 16 11 50 50
1004_0031_0037_0027_0027.jpg 1 31 37 27 27
1005_0007_0042_0038_0038.jpg 1 7 42 38 38
1006_0023_0019_0026_0026.jpg 1 23 19 26 26
1007_0041_0044_0032_0032.jpg 1 41 44 32 32
1008_0010_0017_0038_0038.jpg 1 10 17 38 38
1009_0021_0008_0069_0069.jpg 1 21 8 69 69
1010_0028_0010_0061_0061.jpg 1 28 10 61 61
1011_0011_0018_0055_0055.jpg 1 11 18 55 55
1012_0013_0016_0038_0038.jpg 1 13 16 38 38
1013_0015_0026_0065_0065.jpg 1 15 26 65 65
1014_0008_0024_0054_0054.jpg 1 8 24 54 54
1015_0017_0015_0048_0048.jpg 1 17 15 48 48
1016_0010_0055_0036_0036.jpg 1 10 55 36 36
1017_0029_0031_0038_0038.jpg 1 29 31 38 38
1018_0009_0043_0042_0042.jpg 1 9 43 42 42
1019_0020_0053_0031_0031.jpg 1 20 53 31 31
1020_0031_0036_0050_0050.jpg 1 31 36 50 50
1021_0019_0004_0068_0068.jpg 1 19 4 68 68
1022_0006_0006_0059_0059.jpg 1 6 6 59 59
1023_0013_0053_0039_0039.jpg 1 13 53 39 39
1024_0038_0042_0050_0050.jpg 1 38 42 50 50
1025_0024_0043_0040_0040.jpg 1 24 43 40 40
1026_0048_0042_0040_0040.jpg 1 48 42 40 40
1027_0022_0019_0052_0052.jpg 1 22 19 52 52
1028_0039_0021_0052_0052.jpg 1 39 21 52 52
1029_0011_0030_0066_0066.jpg 1 11 30 66 66
1030_0015_0026_0067_0067.jpg 1 15 26 67 67
1031_0038_0032_0043_0043.jpg 1 38 32 43 43
1032_0038_0026_0054_0054.jpg 1 38 26 54 54
1033_0010_0040_0049_0049.jpg 1 10 40 49 49
1034_0046_0029_0045_0045.jpg 1 46 29 45 45
1035_0011_0035_0040_0040.jpg 1 11 35 40 40
1036_0053_0028_0032_0032.jpg 1 53 28 32 32
1037_0028_0030_0051_0051.jpg 1 28 30 51 51
1038_0031_0047_0045_0045.jpg 1 31 47 45 45
1039_0044_0021_0024_0024.jpg 1 44 21 24 24
1040_0026_0014_0025_0025.jpg 1 26 14 25 25
1041_0046_0032_0042_0042.jpg 1 46 32 42 42
1042_0014_0027_0069_0069.jpg 1 14 27 69 69
1043_0006_0030_0053_0053.jpg 1 6 30 53 53
1044_0015_0004_0069_0069.jpg 1 15 4 69 69
1045_0015_0021_0049_0049.jpg 1 15 21 49 49
1046_0024_0012_0056_0056.jpg 1 24 12 56 56
1047_0010_0015_0065_0065.jpg 1 10 15 65 65
1048_0027_0015_0051_0051.jpg 1 27 15 51 51
1049_0050_0041_0041_0041.jpg 1 50 41 41 41
1050_0020_0015_0043_0043.jpg 1 20 15 43 43
1051_0028_0023_0061_0061.jpg 1 28 23 61 61
1052_0025_0033_0061_0061.jpg 1 25 33 61 61
1053_0022_0023_0049_0049.jpg 1 22 23 49 49
1054_0011_0039_0050_0050.jpg 1 11 39 50 50
1055_0028_0007_0063_0063.jpg 1 28 7 63 63
1056_0004_0014_0063_0063.jpg 1 4 14 63 63
1057_0021_0051_0029_0029.jpg 1 21 51 29 29
1058_0029_0010_0031_0031.jpg 1 29 10 31 31
1059_0049_0045_0044_0044.jpg 1 49 45 44 44
1060_0026_0005_0060_0060.jpg 1 26 5 60 60
1061_0008_0028_0043_0043.jpg 1 8 28 43 43
1062_0007_0031_0037_0037.jpg 1 7 31 37 37
1063_0037_0035_0035_0035.jpg 1 37 35 35 35
1064_0047_0016_0043_0043.jpg 1 47 16 43 43
1065_0028_0060_0030_0030.jpg 1 28 60 30 30
1066_0018_0025_0044_0044.jpg 1 18 25 44 44
1067_0014_0027_0069_0069.jpg 1 14 27 69 69
1068_0040_0062_0027_0027.jpg 1 40 62 27 27
1069_0045_0035_0049_0049.jpg 1 45 35 49 49
1070_0024_0013_0062_0062.jpg 1 24 13 62 62
1071_0010_0017_0057_0057.jpg 1 10 17 57 57
1072_0018_0026_0047_0047.jpg 1 18 26 47 47
1073_0040_0028_0029_0029.jpg 1 40 28 29 29
1074_0030_0012_0051_0051.jpg 1 30 12 51 51
1075_0015_0020_0067_0067.jpg 1 15 20 67 67
1076_0044_0053_0033_0033.jpg 1 44 53 33 33
1077_0020_0022_0067_0067.jpg 1 20 22 67 67
1078_0014_0026_0067_0067.jpg 1 14 26 67 67
1079_0030_0006_0059_0059.jpg 1 30 6 59 59
1080_0025_0041_0053_0053.jpg 1 25 41 53 53
1081_0052_0014_0036_0036.jpg 1 52 14 36 36
1082_0043_0023_0049_0049.jpg 1 43 23 49 49
1083_0031_0041_0024_0024.jpg 1 31 41 24 24
1084_0007_0050_0035_0035.jpg 1 7 50 35 35
1085_0012_0031_0039_0039.jpg 1 12 31 39 39
1086_0034_0024_0051_0051.jpg 1 34 24 51 51
1087_0005_0022_0062_0062.jpg 1 5 22 62 62
1088_0014_0033_0062_0062.jpg 1 14 33 62 62
1089_0014_0006_0037_0037.jpg 1 14 6 37 37
1090_0008_0032_0060_0060.jpg 1 8 32 60 60
1091_0038_0020_0047_0047.jpg 1 38 20 47 47
1092_0023_0022_0036_0036.jpg 1 23 22 36 36
1093_0015_0039_0051_0051.jpg 1 15 39 51 51
1094_0045_0047_0040_0040.jpg 1 45 47 40 40
1095_0055_0042_0029_0029.jpg 1 55 42 29 29
1096_0017_0014_0037_0037.jpg 1 17 14 37 37
1097_0014_0017_0061_0061.jpg 1 14 17 61 61
1098_0053_0033_0033_0033.jpg 1 53 33 33 33
1099_0010_0005_0050_0050.jpg 1 10 5 50 50
1100_0020_0006_0065_0065.jpg 1 20 6 65 65
1101_0060_0024_0030_0030.jpg 1 60 24 30 30
1102_0004_0009_0061_0061.jpg 1 4 9 61 61
1103_0027_0006_0057_0057.jpg 1 27 6 57 57
1104_0027_0011_0037_0037.jpg 1 27 11 37 37
1105_0030_0047_0042_0042.jpg 1 30 47 42 42
1106_0034_0024_0027_0027.jpg 1 34 24 27 27
1107_0032_0043_0030_0030.jpg 1 32 43 30 30
1108_0025_0027_0025_0025.jpg 1 25 27 25 25
1109_0025_0039_0046_0046.jpg 1 25 39 46 46
1110_0026_0015_0036_0036.jpg 1 26 15 36 36
1111_0022_0023_0053_0053.jpg 1 22 23 53 53
1112_0003_0024_0067_0067.jpg 1 3 24 67 67
1113_0020_0044_0037_0037.jpg 1 20 44 37 37
1114_0056_0010_0025_0025.jpg 1 56 10 25 25
1115_0007_0013_0029_0029.jpg 1 7 13 29 29
1116_0032_0059_0033_0033.jpg 1 32 59 33 33
1117_0010_0027_0028_0028.jpg 1 10 27 28 28
1118_0026_0041_0047_0047.jpg 1 26 41 47 47
1119_0017_0040_0031_0031.jpg 1 17 40 31 31
1120_0012_0012_0060_0060.jpg 1 12 12 60 60
1121_0041_0042_0031_0031.jpg 1 41 42 31 31
1122_0040_0016_0032_0032.jpg 1 40 16 32 32
1123_0037_0011_0040_0040.jpg 1 37 11 40 40
1124_0008_0056_0033_0033.jpg 1 8 56 33 33
1125_0032_0026_0058_0058.jpg 1 32 26 58 58
1126_0017_0017_0064_0064.jpg 1 17 17 64 64
1127_0059_0033_0029_0029.jpg 1 59 33 29 29
1128_0028_0053_0041_0041.jpg 1 28 53 41 41
1129_0009_0045_0046_0046.jpg 1 9 45 46 46
1130_0030_0036_0031_0031.jpg 1 30 36 31 31
1131_0039_0038_0047_0047.jpg 1 39 38 47 47
1132_0030_0019_0064_0064.jpg 1 30 19 64 64
1133_0024_0028_0054_0054.jpg 1 24 28 54 54
1134_0009_0018_0035_0035.jpg 1 9 18 35 35
1135_0009_0018_0067_0067.jpg 1 9 18 67 67
1136_0064_0023_0025_0025.jpg 1 64 23 25 25
1137_0057_0047_0033_0033.jpg 1 57 47 33 33
1138_0042_0028_0044_0044.jpg 1 42 28 44 44
1139_0009_0036_0058_0058.jpg 1 9 36 58 58
1140_0038_0051_0037_0037.jpg 1 38 51 37 37
1141_0019_0008_0068_0068.jpg 1 19 8 68 68
1142_0025_0034_0053_0053.jpg 1 25 34 53 53
1143_0029_0034_0046_0046.jpg 1 29 34 46 46
1144_0018_0013_0050_0050.jpg 1 18 13 50 50
1145_0011_0006_0045_0045.jpg 1 11 6 45 45
1146_0011_0024_0031_0031.jpg 1 11 24 31 31
1147_0028_0018_0034_0034.jpg 1 28 18 34 34
1148_0017_0024_0067_0067.jpg 1 17 24 67 67
1149_0018_0013_0069_0069.jpg 1 18 13 69 69
1150_0043_0036_0049_0049.jpg 1 43 36 49 49
1151_0020_0024_0039_0039.jpg 1 20 24 39 39
1152_0047_0024_0024_0024.jpg 1 47 24 24 24
1153_0045_0014_0028_0028.jpg 1 45 14 28 28
1154_0026_0011_0025_0025.jpg 1 26 11 25 25
1155_0032_0031_0050_0050.jpg 1 32 31 50 50
1156_0050_0053_0029_0029.jpg 1 50 53 29 29
1157_0025_0034_0057_0057.jpg 1 25 34 57 57
1158_0023_0039_0055_0055.jpg 1 23 39 55 55
1159_0033_0015_0058_0058.jpg 1 33 15 58 58
1160_0016_0018_0037_0037.jpg 1 16 18 37 37
1161_0032_0029_0035_0035.jpg 1 32 29 35 35
1162_0052_0011_0039_0039.jpg 1 52 11 39 39
1163_0016_0060_0029_0029.jpg 1 16 60 29 29
1164_0060_0010_0026_0026.jpg 1 60 10 26 26
1165_0018_0032_0033_0033.jpg 1 18 32 33 33
1166_0014_0021_0057_0057.jpg 1 14 21 57 57
1167_0030_0017_0060_0060.jpg 1 30 17 60 60
1168_0053_0041_0030_0030.jpg 1 53 41 30 30
1169_0005_0014_0052_0052.jpg 1 5 14 52 52
1170_0024_0008_0068_0068.jpg 1 24 8 68 68
1171_0025_0012_0044_0044.jpg 1 25 12 44 44
1172_0054_0052_0032_0032.jpg 1 54 52 32 32
1173_0052_0026_0037_0037.jpg 1 52 26 37 37
1174_0045_0026_0040_0040.jpg 1 45 26 40 40
1175_0025_0010_0044_0044.jpg 1 25 10 44 44
1176_0006_0032_0060_0060.jpg 1 6 32 60 60
1177_0005_0014_0066_0066.jpg 1 5 14 66 66
1178_0008_0035_0045_0045.jpg 1 8 35 45 45
1179_0006_0037_0039_0039.jpg 1 6 37 39 39
1180_0045_0051_0037_0037.jpg 1 45 51 37 37
1181_0013_0008_0062_0062.jpg 1 13 8 62 62
1182_0020_0016_0069_0069.jpg 1 20 16 69 69
1183_0031_0042_0026_0026.jpg 1 31 42 26 26
1184_0037_0020_0055_0055.jpg 1 37 20 55 55
1185_0008_0021_0063_0063.jpg 1 8 21 63 63
1186_0016_0041_0050_0050.jpg 1 16 41 50 50
1187_0053_0042_0034_0034.jpg 1 53 42 34 34
1188_0050_0034_0039_0039.jpg 1 50 34 39 39
1189_0039_0040_0036_0036.jpg 1 39 40 36 36
1190_0017_0044_0027_0027.jpg 1 17 44 27 27
1191_0048_0043_0028_0028.jpg 1 48 43 28 28
1192_0010_0033_0057_0057.jpg 1 10 33 57 57
1193_0018_0032_0052_0052.jpg 1 18 32 52 52
1194_0049_0043_0042_0042.jpg 1 49 43 42 42
1195_0027_0011_0064_0064.jpg 1 27 11 64 64
1196_0039_0015_0044_0044.jpg 1 39 15 44 44
1197_0011_0042_0030_0030.jpg 1 11 42 30 30
1198_0008_0014_0035_0035.jpg 1 8 14 35 35
1199_0026_0019_0060_0060.jpg 1 26 19 60 60
1200_0049_0022_0039_0039.jpg 1 49 22 39 39
1201_0016_0017_0032_0032.jpg 1 16 17 32 32
1202_0045_0006_0036_0036.jpg 1 45 6 36 36
1203_0024_0032_0039_0039.jpg 1 24 32 39 39
1204_0019_0008_0054_0054.jpg 1 19 8 54 54
1205_0011_0029_0047_0047.jpg 1 11 29 47 47
1206_0017_0010_0064_0064.jpg 1 17 10 64 64
1207_0028_0035_0052_0052.jpg 1 28 35 52 52
1208_0003_0016_0068_0068.jpg 1 3 16 68 68
1209_0051_0060_0024_0024.jpg 1 51 60 24 24
1210_0021_0017_0059_0059.jpg 1 21 17 59 59
1211_0031_0035_0056_0056.jpg 1 31 35 56 56
1212_0015_0021_0051_0051.jpg 1 15 21 51 51
1213_0031_0013_0030_0030.jpg 1 31 13 30 30
1214_0024_0009_0044_0044.jpg 1 24 9 44 44
1215_0012_0023_0066_0066.jpg 1 12 23 66 66
1216_0034_0045_0035_0035.jpg 1 34 45 35 35
1217_0047_0029_0033_0033.jpg 1 47 29 33 33
1218_0014_0013_0051_0051.jpg 1 14 13 51 51
1219_0039_0012_0036_0036.jpg 1 39 12 36 36
1220_0007_0031_0045_0045.jpg 1 7 31 45 45
1221_0032_0033_0038_0038.jpg 1 32 33 38 38
1222_0033_0036_0057_0057.jpg 1 33 36 57 57
1223_0011_0013_0045_0045.jpg 1 11 13 45 45
1224_0020_0017_0054_0054.jpg 1 20 17 54 54
1225_0053_0016_0032_0032.jpg 1 53 16 32 32
1226_0052_0030_0036_0036.jpg 1 52 30 36 36
1227_0014_0055_0031_0031.jpg 1 14 55 31 31
1228_0015_0024_0043_0043.jpg 1 15 24 43 43
1229_0012_0016_0045_0045.jpg 1 12 16 45 45
1230_0010_0045_0046_0046.jpg 1 10 45 46 46
1231_0012_0034_0033_0033.jpg 1 12 34 33 33
1232_0050_0051_0040_0040.jpg 1 50 51 40 40
1233_0023_0018_0062_0062.jpg 1 23 18 62 62
1234_0004_0029_0065_0065.jpg 1 4 29 65 65
1235_0027_0004_0067_0067.jpg 1 27 4 67 67
1236_0028_0006_0052_0052.jpg 1 28 6 52 52
1237_0007_0006_0066_0066.jpg 1 7 6 66 66
1238_0006_0011_0057_0057.jpg 1 6 11 57 57
1239_0006_0009_0056_0056.jpg 1 6 9 56 56
1240_0019_0031_0028_0028.jpg 1 19 31 28 28
1241_0036_0018_0032_0032.jpg 1 36 18 32 32
1242_0010_0034_0047_0047.jpg 1 10 34 47 47
1243_0053_0043_0026_0026.jpg 1 53 43 26 26
1244_0011_0015_0060_0060.jpg 1 11 15 60 60
1245_0024_0003_0066_0066.jpg 1 24 3 66 66
1246_0027_0018_0059_0059.jpg 1 27 18 59 59
1247_0032_0050_0026_0026.jpg 1 32 50 26 26
1248_0015_0028_0058_0058.jpg 1 15 28 58 58
1249_0034_0037_0053_0053.jpg 1 34 37 53 53
1250_0060_0064_0027_0027.jpg 1 60 64 27 27
1251_0012_0027_0061_0061.jpg 1 12 27 61 61
1252_0016_0017_0049_0049.jpg 1 16 17 49 49
1253_0048_0038_0036_0036.jpg 1 48 38 36 36
1254_0043_0034_0035_0035.jpg 1 43 34 35 35
1255_0048_0032_0032_0032.jpg 1 48 32 32 32
1256_0060_0033_0027_0027.jpg 1 60 33 27 27
1257_0043_0041_0047_0047.jpg 1 43 41 47 47
1258_0052_0036_0036_0036.jpg 1 52 36 36 36
1259_0019_0048_0035_0035.jpg 1 19 48 35 35
1260_0033_0048_0036_0036.jpg 1 33 48 36 36
1261_0034_0005_0058_0058.jpg 1 34 5 58 58
1262_0012_0025_0066_0066.jpg 1 12 25 66 66
1263_0042_0040_0042_0042.jpg 1 42 40 42 42
1264_0004_0029_0066_0066.jpg 1 4 29 66 66
1265_0049_0061_0028_0028.jpg 1 49 61 28 28
1266_0041_0019_0033_0033.jpg 1 41 19 33 33
1267_0024_0042_0025_0025.jpg 1 24 42 25 25
1268_0050_0043_0026_0026.jpg 1 50 43 26 26
1269_0063_0032_0029_0029.jpg 1 63 32 29 29
1270_0027_0024_0049_0049.jpg 1 27 24 49 49
1271_0029_0013_0060_0060.jpg 1 29 13 60 60
1272_0019_0007_0067_0067.jpg 1 19 7 67 67
1273_0009_0007_0063_0063.jpg 1 9 7 63 63
1274_0017_0026_0069_0069.jpg 1 17 26 69 69
1275_0010_0050_0041_0041.jpg 1 10 50 41 41
1276_0056_0021_0034_0034.jpg 1 56 21 34 34
1277_0028_0026_0057_0057.jpg 1 28 26 57 57
1278_0061_0015_0028_0028.jpg 1 61 15 28 28
1279_0011_0061_0026_0026.jpg 1 11 61 26 26
1280_0041_0043_0050_0050.jpg 1 41 43 50 50
1281_0017_0037_0040_0040.jpg 1 17 37 40 40
1282_0024_0031_0049_0049.jpg 1 24 31 49 49
1283_0007_0010_0057_0057.jpg 1 7 10 57 57
1284_0025_0028_0046_0046.jpg 1 25 28 46 46
1285_0031_0026_0045_0045.jpg 1 31 26 45 45
1286_0006_0032_0050_0050.jpg 1 6 32 50 50
1287_0036_0006_0043_0043.jpg 1 36 6 43 43
1288_0006_0026_0058_0058.jpg 1 6 26 58 58
1289_0014_0028_0051_0051.jpg 1 14 28 51 51
1290_0007_0035_0052_0052.jpg 1 7 35 52 52
1291_0008_0044_0028_0028.jpg 1 8 44 28 28
1292_0039_0010_0026_0026.jpg 1 39 10 26 26
1293_0025_0030_0065_0065.jpg 1 25 30 65 65
1294_0047_0053_0027_0027.jpg 1 47 53 27 27
1295_0015_0012_0051_0051.jpg 1 15 12 51 51
1296_0006_0013_0068_0068.jpg 1 6 13 68 68
1297_0042_0046_0047_0047.jpg 1 42 46 47 47
1298_0030_0034_0047_0047.jpg 1 30 34 47 47
1299_0014_0011_0063_0063.jpg 1 14 11 63 63
1300_0011_0018_0055_0055.jpg 1 11 18 55 55
1301_0032_0004_0062_0062.jpg 1 32 4 62 62
1302_0028_0019_0066_0066.jpg 1 28 19 66 66
1303_0019_0034_0042_0042.jpg 1 19 34 42 42
1304_0008_0054_0037_0037.jpg 1 8 54 37 37
1305_0013_0027_0039_0039.jpg 1 13 27 39 39
1306_0023_0017_0058_0058.jpg 1 23 17 58 58
1307_0016_0035_0036_0036.jpg 1 16 35 36 36
1308_0023_0019_0051_0051.jpg 1 23 19 51 51
1309_0022_0019_0068_0068.jpg 1 22 19 68 68
1310_0038_0026_0038_0038.jpg 1 38 26 38 38
1311_0017_0006_0054_0054.jpg 1 17 6 54 54
1312_0008_0039_0040_0040.jpg 1 8 39 40 40
1313_0009_0005_0069_0069.jpg 1 9 5 69 69
1314_0033_0013_0049_0049.jpg 1 33 13 49 49
1315_0038_0015_0031_0031.jpg 1 38 15 31 31
1316_0050_0053_0036_0036.jpg 1 50 53 36 36
1317_0010_0022_0025_0025.jpg 1 10 22 25 25
1318_0055_0054_0027_0027.jpg 1 55 54 27 27
1319_0041_0013_0030_0030.jpg 1 41 13 30 30
1320_0026_0032_0043_0043.jpg 1 26 32 43 43
1321_0019_0008_0058_0058.jpg 1 19 8 58 58
1322_0024_0035_0060_0060.jpg 1 24 35 60 60
1323_0014_0031_0057_0057.jpg 1 14 31 57 57
1324_0044_0015_0049_0049.jpg 1 44 15 49 49
1325_0035_0013_0050_0050.jpg 1 35 13 50 50
1326_0012_0022_0034_0034.jpg 1 12 22 34 34
1327_0030_0010_0052_0052.jpg 1 30 10 52 52
1328_0007_0018_0034_0034.jpg 1 7 18 34 34
1329_0008_0038_0038_0038.jpg 1 8 38 38 38
1330_0022_0012_0055_0055.jpg 1 22 12 55 55
1331_0010_0020_0036_0036.jpg 1 10 20 36 36
1332_0021_0052_0032_0032.jpg 1 21 52 32 32
1333_0020_0056_0025_0025.jpg 1 20 56 25 25
1334_0018_0013_0069_0069.jpg 1 18 13 69 69
1335_0027_0005_0065_0065.jpg 1 27 5 65 65
1336_0030_0045_0035_0035.jpg 1 30 45 35 35
1337_0020_0045_0047_0047.jpg 1 20 45 47 47
1338_0047_0017_0029_0029.jpg 1 47 17 29 29
1339_0025_0035_0049_0049.jpg 1 25 35 49 49
1340_0015_0041_0044_0044.jpg 1 15 41 44 44
1341_0028_0039_0040_0040.jpg 1 28 39 40 40
1342_0039_0039_0044_0044.jpg 1 39 39 44 44
1343_0035_0023_0042_0042.jpg 1 35 23 42 42
1344_0018_0039_0025_0025.jpg 1 18 39 25 25
1345_0014_0016_0052_0052.jpg 1 14 16 52 52
1346_0012_0019_0061_0061.jpg 1 12 19 61 61
1347_0004_0003_0066_0066.jpg 1 4 3 66 66
1348_0016_0028_0056_0056.jpg 1 16 28 56 56
1349_0025_0058_0028_0028.jpg 1 25 58 28 28
1350_0024_0031_0060_0060.jpg 1 24 31 60 60
1351_0039_0035_0056_0056.jpg 1 39 35 56 56
1352_0006_0012_0062_0062.jpg 1 6 12 62 62
1353_0038_0032_0047_0047.jpg 1 38 32 47 47
1354_0007_0048_0034_0034.jpg 1 7 48 34 34
1355_0018_0024_0040_0040.jpg 1 18 24 40 40
1356_0020_0033_0059_0059.jpg 1 20 33 59 59
1357_0026_0017_0037_0037.jpg 1 26 17 37 37
1358_0023_0027_0066_0066.jpg 1 23 27 66 66
1359_0008_0035_0029_0029.jpg 1 8 35 29 29
1360_0018_0039_0050_0050.jpg 1 18 39 50 50
1361_0022_0028_0059_0059.jpg 1 22 28 59 59
1362_0059_0048_0032_0032.jpg 1 59 48 32 32
1363_0046_0032_0040_0040.jpg 1 46 32 40 40
1364_0038_0009_0050_0050.jpg 1 38 9 50 50
1365_0037_0025_0035_0035.jpg 1 37 25 35 35
1366_0019_0008_0058_0058.jpg 1 19 8 58 58
1367_0055_0021_0031_0031.jpg 1 55 21 31 31
1368_0026_0017_0044_0044.jpg 1 26 17 44 44
1369_0004_0011_0068_0068.jpg 1 4 11 68 68
1370_0036_0022_0058_0058.jpg 1 36 22 58 58
1371_0035_0021_0044_0044.jpg 1 35 21 44 44
1372_0048_0049_0038_0038.jpg 1 48 49 38 38
1373_0012_0018_0067_0067.jpg 1 12 18 67 67
1374_0024_0034_0048_0048.jpg 1 24 34 48 48
1375_0006_0026_0056_0056.jpg 1 6 26 56 56
1376_0015_0006_0067_0067.jpg 1 15 6 67 67
1377_0030_0029_0050_0050.jpg 1 30 29 50 50
1378_0029_0014_0067_0067.jpg 1 29 14 67 67
1379_0023_0039_0051_0051.jpg 1 23 39 51 51
1380_0006_0044_0037_0037.jpg 1 6 44 37 37
1381_0007_0025_0066_0066.jpg 1 7 25 66 66
1382_0055_0044_0038_0038.jpg 1 55 44 38 38
1383_0052_0030_0024_0024.jpg 1 52 30 24 24
1384_0019_0053_0033_0033.jpg 1 19 53 33 33
1385_0035_0016_0039_0039.jpg 1 35 16 39 39
1386_0007_0011_0056_0056.jpg 1 7 11 56 56
1387_0043_0027_0038_0038.jpg 1 43 27 38 38
1388_0009_0034_0047_0047.jpg 1 9 34 47 47
1389_0029_0038_0046_0046.jpg 1 29 38 46 46
1390_0019_0041_0033_0033.jpg 1 19 41 33 33
1391_0026_0008_0053_0053.jpg 1 26 8 53 53
1392_0026_0031_0062_0062.jpg 1 26 31 62 62
1393_0022_0037_0045_0045.jpg 1 22 37 45 45
1394_0021_0004_0063_0063.jpg 1 21 4 63 63
1395_0018_0015_0067_0067.jpg 1 18 15 67 67
1396_0023_0058_0034_0034.jpg 1 23 58 34 34
1397_0032_0034_0049_0049.jpg 1 32 34 49 49
1398_0060_0025_0025_0025.jpg 1 60 25 25 25
1399_0018_0010_0068_0068.jpg 1 18 10 68 68
1400_0036_0008_0039_0039.jpg 1 36 8 39 39
1401_0004_0015_0067_0067.jpg 1 4 15 67 67
1402_0014_0008_0051_0051.jpg 1 14 8 51 51
1403_0018_0017_0045_0045.jpg 1 18 17 45 45
1404_0020_0028_0027_0027.jpg 1 20 28 27 27
1405_0060_0008_0027_0027.jpg 1 60 8 27 27
1406_0016_0036_0051_0051.jpg 1 16 36 51 51
1407_0024_0007_0029_0029.jpg 1 24 7 29 29
1408_0030_0009_0065_0065.jpg 1 30 9 65 65
1409_0017_0046_0043_0043.jpg 1 17 46 43 43
1410_0018_0025_0042_0042.jpg 1 18 25 42 42
1411_0025_0022_0044_0044.jpg 1 25 22 44 44
1412_0023_0027_0059_0059.jpg 1 23 27 59 59
1413_0042_0015_0026_0026.jpg 1 42 15 26 26
1414_0045_0044_0042_0042.jpg 1 45 44 42 42
1415_0020_0030_0059_0059.jpg 1 20 30 59 59
1416_0007_0024_0065_0065.jpg 1 7 24 65 65
1417_0011_0012_0045_0045.jpg 1 11 12 45 45
1418_0014_0017_0062_0062.jpg 1 14 17 62 62
1419_0006_0013_0054_0054.jpg 1 6 13 54 54
1420_0036_0013_0029_0029.jpg 1 36 13 29 29
1421_0020_0050_0036_0036.jpg 1 20 50 36 36
1422_0035_0009_0029_0029.jpg 1 35 9 29 29
1423_0036_0028_0058_0058.jpg 1 36 28 58 58
1424_0036_0056_0024_0024.jpg 1 36 56 24 24
1425_0034_0043_0026_0026.jpg 1 34 43 26 26
1426_0013_0023_0042_0042.jpg 1 13 23 42 42
1427_0031_0029_0056_0056.jpg 1 31 29 56 56
1428_0012_0016_0066_0066.jpg 1 12 16 66 66
1429_0007_0007_0030_0030.jpg 1 7 7 30 30
1430_0021_0042_0052_0052.jpg 1 21 42 52 52
1431_0008_0012_0035_0035.jpg 1 8 12 35 35
1432_0015_0048_0045_0045.jpg 1 15 48 45 45
1433_0031_0035_0055_0055.jpg 1 31 35 55 55
1434_0015_0046_0046_0046.jpg 1 15 46 46 46
1435_0020_0010_0067_0067.jpg 1 20 10 67 67
1436_0003_0022_0061_0061.jpg 1 3 22 61 61
1437_0057_0041_0030_0030.jpg 1 57 41 30 30
1438_0022_0015_0036_0036.jpg 1 22 15 36 36
1439_0017_0011_0047_0047.jpg 1 17 11 47 47
1440_0010_0032_0044_0044.jpg 1 10 32 44 44
1441_0014_0025_0065_0065.jpg 1 14 25 65 65
1442_0054_0046_0037_0037.jpg 1 54 46 37 37
1443_0028_0048_0042_0042.jpg 1 28 48 42 42
1444_0004_0021_0064_0064.jpg 1 4 21 64 64
1445_0015_0007_0064_0064.jpg 1 15 7 64 64
1446_0027_0029_0054_0054.jpg 1 27 29 54 54
1447_0017_0035_0042_0042.jpg 1 17 35 42 42
1448_0067_0054_0025_0025.jpg 1 67 54 25 25
1449_0015_0010_0044_0044.jpg 1 15 10 44 44
1450_0027_0007_0038_0038.jpg 1 27 7 38 38
1451_0013_0018_0057_0057.jpg 1 13 18 57 57
1452_0017_0005_0053_0053.jpg 1 17 5 53 53
1453_0011_0022_0049_0049.jpg 1 11 22 49 49
1454_0037_0033_0057_0057.jpg 1 37 33 57 57
1455_0010_0006_0057_0057.jpg 1 10 6 57 57
1456_0020_0025_0049_0049.jpg 1 20 25 49 49
1457_0014_0031_0064_0064.jpg 1 14 31 64 64
1458_0026_0056_0036_0036.jpg 1 26 56 36 36
1459_0025_0007_0051_0051.jpg 1 25 7 51 51
1460_0012_0018_0066_0066.jpg 1 12 18 66 66
1461_0018_0029_0054_0054.jpg 1 18 29 54 54
1462_0010_0007_0064_0064.jpg 1 10 7 64 64
1463_0036_0028_0027_0027.jpg 1 36 28 27 27
1464_0024_0014_0067_0067.jpg 1 24 14 67 67
1465_0019_0004_0066_0066.jpg 1 19 4 66 66
1466_0015_0021_0065_0065.jpg 1 15 21 65 65
1467_0009_0006_0067_0067.jpg 1 9 6 67 67
1468_0039_0020_0050_0050.jpg 1 39 20 50 50
1469_0028_0018_0061_0061.jpg 1 28 18 61 61
1470_0027_0041_0037_0037.jpg 1 27 41 37 37
1471_0009_0024_0065_0065.jpg 1 9 24 65 65
1472_0019_0015_0047_0047.jpg 1 19 15 47 47
1473_0015_0003_0069_0069.jpg 1 15 3 69 69
1474_0020_0009_0057_0057.jpg 1 20 9 57 57
1475_0011_0035_0036_0036.jpg 1 11 35 36 36
1476_0037_0007_0047_0047.jpg 1 37 7 47 47
1477_0021_0022_0067_0067.jpg 1 21 22 67 67
1478_0006_0005_0058_0058.jpg 1 6 5 58 58
1479_0019_0024_0064_0064.jpg 1 19 24 64 64
1480_0055_0044_0038_0038.jpg 1 55 44 38 38
1481_0038_0019_0030_0030.jpg 1 38 19 30 30
1482_0007_0010_0066_0066.jpg 1 7 10 66 66
1483_0016_0010_0049_0049.jpg 1 16 10 49 49
1484_0007_0035_0059_0059.jpg 1 7 35 59 59
1485_0026_0008_0059_0059.jpg 1 26 8 59 59
1486_0011_0016_0054_0054.jpg 1 11 16 54 54
1487_0010_0006_0069_0069.jpg 1 10 6 69 69
1488_0019_0028_0043_0043.jpg 1 19 28 43 43
1489_0017_0033_0048_0048.jpg 1 17 33 48 48
1490_0032_0048_0045_0045.jpg 1 32 48 45 45
1491_0006_0027_0054_0054.jpg 1 6 27 54 54
1492_0013_0004_0069_0069.jpg 1 13 4 69 69
1493_0016_0027_0067_0067.jpg 1 16 27 67 67
1494_0039_0053_0027_0027.jpg 1 39 53 27 27
1495_0031_0009_0055_0055.jpg 1 31 9 55 55
1496_0003_0030_0064_0064.jpg 1 3 30 64 64
1497_0017_0041_0054_0054.jpg 1 17 41 54 54
1498_0025_0007_0049_0049.jpg 1 25 7 49 49
1499_0011_0012_0066_0066.jpg 1 11 12 66 66
1500_0038_0011_0051_0051.jpg 1 38 11 51 51
1501_0032_0053_0028_0028.jpg 1 32 53 28 28
1502_0032_0024_0037_0037.jpg 1 32 24 37 37
1503_0011_0036_0039_0039.jpg 1 11 36 39 39
1504_0029_0038_0036_0036.jpg 1 29 38 36 36
1505_0022_0008_0065_0065.jpg 1 22 8 65 65
1506_0023_0014_0060_0060.jpg 1 23 14 60 60
1507_0042_0045_0030_0030.jpg 1 42 45 30 30
1508_0007_0055_0030_0030.jpg 1 7 55 30 30
1509_0032_0012_0060_0060.jpg 1 32 12 60 60
1510_0008_0027_0035_0035.jpg 1 8 27 35 35
1511_0025_0023_0031_0031.jpg 1 25 23 31 31
1512_0012_0047_0035_0035.jpg 1 12 47 35 35
1513_0030_0026_0060_0060.jpg 1 30 26 60 60
1514_0020_0013_0068_0068.jpg 1 20 13 68 68
1515_0044_0027_0048_0048.jpg 1 44 27 48 48
1516_0015_0027_0044_0044.jpg 1 15 27 44 44
1517_0011_0035_0059_0059.jpg 1 11 35 59 59
1518_0029_0016_0029_0029.jpg 1 29 16 29 29
1519_0021_0045_0049_0049.jpg 1 21 45 49 49
1520_0013_0043_0044_0044.jpg 1 13 43 44 44
1521_0037_0005_0054_0054.jpg 1 37 5 54 54
1522_0030_0020_0063_0063.jpg 1 30 20 63 63
1523_0006_0020_0051_0051.jpg 1 6 20 51 51
1524_0047_0029_0045_0045.jpg 1 47 29 45 45
1525_0017_0035_0047_0047.jpg 1 17 35 47 47
1526_0031_0042_0039_0039.jpg 1 31 42 39 39
1527_0010_0043_0036_0036.jpg 1 10 43 36 36
1528_0043_0014_0048_0048.jpg 1 43 14 48 48
1529_0049_0022_0038_0038.jpg 1 49 22 38 38
1530_0028_0011_0059_0059.jpg 1 28 11 59 59
1531_0008_0042_0049_0049.jpg 1 8 42 49 49
1532_0033_0041_0046_0046.jpg 1 33 41 46 46
1533_0021_0014_0067_0067.jpg 1 21 14 67 67
1534_0004_0010_0061_0061.jpg 1 4 10 61 61
1535_0018_0006_0049_0049.jpg 1 18 6 49 49
1536_0011_0035_0060_0060.jpg 1 11 35 60 60
1537_0007_0041_0032_0032.jpg 1 7 41 32 32
1538_0010_0022_0066_0066.jpg 1 10 22 66 66
1539_0011_0030_0057_0057.jpg 1 11 30 57 57
1540_0047_0024_0038_0038.jpg 1 47 24 38 38
1541_0011_0030_0045_0045.jpg 1 11 30 45 45
1542_0036_0019_0037_0037.jpg 1 36 19 37 37
1543_0029_0062_0025_0025.jpg 1 29 62 25 25
1544_0031_0036_0050_0050.jpg 1 31 36 50 50
1545_0037_0020_0056_0056.jpg 1 37 20 56 56
1546_0038_0024_0040_0040.jpg 1 38 24 40 40
1547_0019_0050_0037_0037.jpg 1 19 50 37 37
1548_0021_0015_0058_0058.jpg 1 21 15 58 58
1549_0042_0032_0034_0034.jpg 1 42 32 34 34
1550_0021_0013_0051_0051.jpg 1 21 13 51 51
1551_0004_0015_0058_0058.jpg 1 4 15 58 58
1552_0023_0017_0065_0065.jpg 1 23 17 65 65
1553_0031_0028_0050_0050.jpg 1 31 28 50 50
1554_0021_0035_0045_0045.jpg 1 21 35 45 45
1555_0024_0039_0050_0050.jpg 1 24 39 50 50
1556_0042_0015_0026_0026.jpg 1 42 15 26 26
1557_0023_0039_0054_0054.jpg 1 23 39 54 54
1558_0028_0017_0063_0063.jpg 1 28 17 63 63
1559_0032_0011_0037_0037.jpg 1 32 11 37 37
1560_0037_0019_0038_0038.jpg 1 37 19 38 38
1561_0015_0019_0040_0040.jpg 1 15 19 40 40
1562_0009_0012_0063_0063.jpg 1 9 12 63 63
1563_0058_0031_0030_0030.jpg 1 58 31 30 30
1564_0021_0035_0047_0047.jpg 1 21 35 47 47
1565_0009_0015_0068_0068.jpg 1 9 15 68 68
1566_0013_0015_0065_0065.jpg 1 13 15 65 65
1567_0014_0021_0060_0060.jpg 1 14 21 60 60
1568_0035_0007_0050_0050.jpg 1 35 7 50 50
1569_0004_0026_0052_0052.jpg 1 4 26 52 52
1570_0042_0045_0038_0038.jpg 1 42 45 38 38
1571_0033_0005_0060_0060.jpg 1 33 5 60 60
1572_0009_0007_0065_0065.jpg 1 9 7 65 65
1573_0009_0012_0065_0065.jpg 1 9 12 65 65
1574_0063_0043_0029_0029.jpg 1 63 43 29 29
1575_0051_0021_0037_0037.jpg 1 51 21 37 37
1576_0019_0022_0024_0024.jpg 1 19 22 24 24
1577_0048_0026_0038_0038.jpg 1 48 26 38 38
1578_0014_0019_0051_0051.jpg 1 14 19 51 51
1579_0018_0046_0045_0045.jpg 1 18 46 45 45
1580_0019_0030_0060_0060.jpg 1 19 30 60 60
1581_0027_0041_0052_0052.jpg 1 27 41 52 52
1582_0045_0010_0026_0026.jpg 1 45 10 26 26
1583_0009_0049_0031_0031.jpg 1 9 49 31 31
1584_0013_0005_0061_0061.jpg 1 13 5 61 61
1585_0044_0016_0044_0044.jpg 1 44 16 44 44
1586_0053_0054_0039_0039.jpg 1 53 54 39 39
1587_0017_0018_0065_0065.jpg 1 17 18 65 65
1588_0020_0028_0040_0040.jpg 1 20 28 40 40
1589_0015_0032_0045_0045.jpg 1 15 32 45 45
1590_0060_0030_0025_0025.jpg 1 60 30 25 25
1591_0026_0015_0053_0053.jpg 1 26 15 53 53
1592_0032_0005_0054_0054.jpg 1 32 5 54 54
1593_0012_0021_0030_0030.jpg 1 12 21 30 30
1594_0032_0011_0056_0056.jpg 1 32 11 56 56
1595_0009_0035_0037_0037.jpg 1 9 35 37 37
1596_0053_0041_0034_0034.jpg 1 53 41 34 34
1597_0007_0013_0069_0069.jpg 1 7 13 69 69
1598_0044_0050_0044_0044.jpg 1 44 50 44 44
1599_0021_0016_0066_0066.jpg 1 21 16 66 66
1600_0040_0009_0034_0034.jpg 1 40 9 34 34
1601_0020_0024_0029_0029.jpg 1 20 24 29 29
1602_0017_0010_0031_0031.jpg 1 17 10 31 31
1603_0012_0049_0038_0038.jpg 1 12 49 38 38
1604_0038_0009_0053_0053.jpg 1 38 9 53 53
1605_0018_0034_0053_0053.jpg 1 18 34 53 53
1606_0036_0023_0045_0045.jpg 1 36 23 45 45
1607_0023_0054_0027_0027.jpg 1 23 54 27 27
1608_0057_0061_0032_0032.jpg 1 57 61 32 32
1609_0043_0023_0044_0044.jpg 1 43 23 44 44
1610_0028_0050_0042_0042.jpg 1 28 50 42 42
1611_0004_0013_0065_0065.jpg 1 4 13 65 65
1612_0012_0039_0043_0043.jpg 1 12 39 43 43
1613_0024_0009_0066_0066.jpg 1 24 9 66 66
1614_0027_0059_0029_0029.jpg 1 27 59 29 29
1615_0048_0014_0040_0040.jpg 1 48 14 40 40
1616_0016_0027_0041_0041.jpg 1 16 27 41 41
1617_0040_0058_0024_0024.jpg 1 40 58 24 24
1618_0013_0035_0051_0051.jpg 1 13 35 51 51
1619_0008_0023_0066_0066.jpg 1 8 23 66 66
1620_0011_0052_0035_0035.jpg 1 11 52 35 35
1621_0014_0013_0063_0063.jpg 1 14 13 63 63
1622_0008_0008_0069_0069.jpg 1 8 8 69 69
1623_0032_0041_0036_0036.jpg 1 32 41 36 36
1624_0037_0013_0033_0033.jpg 1 37 13 33 33
1625_0017_0052_0040_0040.jpg 1 17 52 40 40
1626_0034_0015_0051_0051.jpg 1 34 15 51 51
1627_0027_0009_0026_0026.jpg 1 27 9 26 26
1628_0039_0007_0028_0028.jpg 1 39 7 28 28
1629_0031_0046_0025_0025.jpg 1 31 46 25 25
1630_0011_0009_0052_0052.jpg 1 11 9 52 52
1631_0017_0037_0051_0051.jpg 1 17 37 51 51
1632_0008_0019_0066_0066.jpg 1 8 19 66 66
1633_0005_0027_0047_0047.jpg 1 5 27 47 47
1634_0033_0015_0047_0047.jpg 1 33 15 47 47
1635_0007_0015_0067_0067.jpg 1 7 15 67 67
1636_0019_0023_0057_0057.jpg 1 19 23 57 57
1637_0027_0040_0046_0046.jpg 1 27 40 46 46
1638_0053_0031_0035_0035.jpg 1 53 31 35 35
1639_0040_0051_0042_0042.jpg 1 40 51 42 42
1640_0019_0027_0050_0050.jpg 1 19 27 50 50
1641_0032_0033_0058_0058.jpg 1 32 33 58 58
1642_0024_0038_0029_0029.jpg 1 24 38 29 29
1643_0031_0011_0049_0049.jpg 1 31 11 49 49
1644_0042_0008_0050_0050.jpg 1 42 8 50 50
1645_0031_0047_0024_0024.jpg 1 31 47 24 24
1646_0049_0010_0033_0033.jpg 1 49 10 33 33
1647_0028_0050_0040_0040.jpg 1 28 50 40 40
1648_0049_0008_0042_0042.jpg 1 49 8 42 42
1649_0032_0022_0045_0045.jpg 1 32 22 45 45
1650_0009_0029_0025_0025.jpg 1 9 29 25 25
1651_0028_0031_0035_0035.jpg 1 28 31 35 35
1652_0009_0041_0052_0052.jpg 1 9 41 52 52
1653_0017_0044_0028_0028.jpg 1 17 44 28 28
1654_0042_0006_0039_0039.jpg 1 42 6 39 39
1655_0004_0031_0056_0056.jpg 1 4 31 56 56
1656_0006_0048_0037_0037.jpg 1 6 48 37 37
1657_0066_0025_0024_0024.jpg 1 66 25 24 24
1658_0027_0010_0064_0064.jpg 1 27 10 64 64
1659_0004_0030_0065_0065.jpg 1 4 30 65 65
1660_0010_0014_0026_0026.jpg 1 10 14 26 26
1661_0019_0012_0052_0052.jpg 1 19 12 52 52
1662_0031_0065_0026_0026.jpg 1 31 65 26 26
1663_0047_0008_0045_0045.jpg 1 47 8 45 45
1664_0033_0044_0034_0034.jpg 1 33 44 34 34
1665_0004_0021_0055_0055.jpg 1 4 21 55 55
1666_0021_0010_0062_0062.jpg 1 21 10 62 62
1667_0015_0031_0037_0037.jpg 1 15 31 37 37
1668_0024_0029_0050_0050.jpg 1 24 29 50 50
1669_0019_0025_0066_0066.jpg 1 19 25 66 66
1670_0024_0026_0029_0029.jpg 1 24 26 29 29
1671_0029_0048_0041_0041.jpg 1 29 48 41 41
1672_0034_0029_0046_0046.jpg 1 34 29 46 46
1673_0023_0017_0067_0067.jpg 1 23 17 67 67
1674_0008_0030_0059_0059.jpg 1 8 30 59 59
1675_0021_0029_0061_0061.jpg 1 21 29 61 61
1676_0016_0025_0042_0042.jpg 1 16 25 42 42
1677_0048_0056_0036_0036.jpg 1 48 56 36 36
1678_0030_0038_0026_0026.jpg 1 30 38 26 26
1679_0034_0008_0038_0038.jpg 1 34 8 38 38
1680_0033_0010_0057_0057.jpg 1 33 10 57 57
1681_0005_0027_0049_0049.jpg 1 5 27 49 49
1682_0038_0013_0043_0043.jpg 1 38 13 43 43
1683_0038_0030_0053_0053.jpg 1 38 30 53 53
1684_0005_0024_0067_0067.jpg 1 5 24 67 67
1685_0024_0008_0055_0055.jpg 1 24 8 55 55
1686_0013_0006_0060_0060.jpg 1 13 6 60 60
1687_0026_0024_0061_0061.jpg 1 26 24 61 61
1688_0016_0014_0066_0066.jpg 1 16 14 66 66
1689_0006_0029_0060_0060.jpg 1 6 29 60 60
1690_0047_0032_0027_0027.jpg 1 47 32 27 27
1691_0029_0010_0037_0037.jpg 1 29 10 37 37
1692_0055_0063_0027_0027.jpg 1 55 63 27 27
1693_0017_0019_0024_0024.jpg 1 17 19 24 24
1694_0026_0017_0025_0025.jpg 1 26 17 25 25
1695_0032_0034_0052_0052.jpg 1 32 34 52 52
1696_0026_0047_0027_0027.jpg 1 26 47 27 27
1697_0032_0037_0057_0057.jpg 1 32 37 57 57
1698_0009_0008_0042_0042.jpg 1 9 8 42 42
1699_0031_0020_0044_0044.jpg 1 31 20 44 44
1700_0037_0043_0035_0035.jpg 1 37 43 35 35
1701_0029_0013_0057_0057.jpg 1 29 13 57 57
1702_0013_0035_0042_0042.jpg 1 13 35 42 42
1703_0044_0047_0042_0042.jpg 1 44 47 42 42
1704_0009_0031_0060_0060.jpg 1 9 31 60 60
1705_0016_0045_0028_0028.jpg 1 16 45 28 28
1706_0036_0017_0054_0054.jpg 1 36 17 54 54
1707_0007_0013_0063_0063.jpg 1 7 13 63 63
1708_0052_0025_0030_0030.jpg 1 52 25 30 30
1709_0017_0042_0050_0050.jpg 1 17 42 50 50
1710_0013_0027_0066_0066.jpg 1 13 27 66 66
1711_0037_0035_0032_0032.jpg 1 37 35 32 32
1712_0011_0025_0051_0051.jpg 1 11 25 51 51
1713_0039_0022_0051_0051.jpg 1 39 22 51 51
1714_0038_0038_0041_0041.jpg 1 38 38 41 41
1715_0058_0011_0031_0031.jpg 1 58 11 31 31
1716_0023_0033_0054_0054.jpg 1 23 33 54 54
1717_0011_0024_0059_0059.jpg 1 11 24 59 59
1718_0008_0010_0042_0042.jpg 1 8 10 42 42
1719_0034_0026_0049_0049.jpg 1 34 26 49 49
1720_0028_0028_0052_0052.jpg 1 28 28 52 52
1721_0027_0037_0047_0047.jpg 1 27 37 47 47
1722_0042_0020_0032_0032.jpg 1 42 20 32 32
1723_0042_0042_0025_0025.jpg 1 42 42 25 25
1724_0003_0021_0062_0062.jpg 1 3 21 62 62
1725_0007_0018_0055_0055.jpg 1 7 18 55 55
1726_0030_0037_0056_0056.jpg 1 30 37 56 56
1727_0037_0029_0024_0024.jpg 1 37 29 24 24
1728_0028_0033_0046_0046.jpg 1 28 33 46 46
1729_0049_0016_0044_0044.jpg 1 49 16 44 44
1730_0017_0003_0067_0067.jpg 1 17 3 67 67
1731_0024_0045_0038_0038.jpg 1 24 45 38 38
1732_0005_0027_0057_0057.jpg 1 5 27 57 57
1733_0032_0022_0055_0055.jpg 1 32 22 55 55
1734_0011_0013_0057_0057.jpg 1 11 13 57 57
1735_0028_0005_0067_0067.jpg 1 28 5 67 67
1736_0008_0036_0039_0039.jpg 1 8 36 39 39
1737_0030_0023_0047_0047.jpg 1 30 23 47 47
1738_0029_0032_0058_0058.jpg 1 29 32 58 58
1739_0010_0043_0036_0036.jpg 1 10 43 36 36
1740_0020_0009_0049_0049.jpg 1 20 9 49 49
1741_0038_0044_0049_0049.jpg 1 38 44 49 49
1742_0017_0019_0056_0056.jpg 1 17 19 56 56
1743_0052_0007_0031_0031.jpg 1 52 7 31 31
1744_0024_0022_0042_0042.jpg 1 24 22 42 42
1745_0038_0014_0046_0046.jpg 1 38 14 46 46
1746_0055_0060_0032_0032.jpg 1 55 60 32 32
1747_0023_0022_0065_0065.jpg 1 23 22 65 65
1748_0028_0022_0028_0028.jpg 1 28 22 28 28
1749_0015_0021_0061_0061.jpg 1 15 21 61 61
1750_0010_0028_0028_0028.jpg 1 10 28 28 28
1751_0041_0037_0048_0048.jpg 1 41 37 48 48
1752_0008_0014_0063_0063.jpg 1 8 14 63 63
1753_0035_0037_0030_0030.jpg 1 35 37 30 30
1754_0031_0040_0049_0049.jpg 1 31 40 49 49
1755_0019_0029_0053_0053.jpg 1 19 29 53 53
1756_0045_0034_0039_0039.jpg 1 45 34 39 39
1757_0010_0036_0052_0052.jpg 1 10 36 52 52
1758_0025_0030_0063_0063.jpg 1 25 30 63 63
1759_0028_0049_0037_0037.jpg 1 28 49 37 37
1760_0029_0033_0060_0060.jpg 1 29 33 60 60
1761_0045_0006_0045_0045.jpg 1 45 6 45 45
1762_0028_0041_0025_0025.jpg 1 28 41 25 25
1763_0037_0046_0027_0027.jpg 1 37 46 27 27
1764_0048_0056_0030_0030.jpg 1 48 56 30 30
1765_0031_0045_0045_0045.jpg 1 31 45 45 45
1766_0015_0033_0051_0051.jpg 1 15 33 51 51
1767_0029_0056_0026_0026.jpg 1 29 56 26 26
1768_0038_0038_0045_0045.jpg 1 38 38 45 45
1769_0034_0026_0037_0037.jpg 1 34 26 37 37
1770_0012_0011_0052_0052.jpg 1 12 11 52 52
1771_0040_0032_0025_0025.jpg 1 40 32 25 25
1772_0030_0017_0059_0059.jpg 1 30 17 59 59
1773_0008_0055_0036_0036.jpg 1 8 55 36 36
1774_0024_0030_0057_0057.jpg 1 24 30 57 57
1775_0026_0029_0059_0059.jpg 1 26 29 59 59
1776_0041_0021_0042_0042.jpg 1 41 21 42 42
1777_0036_0031_0038_0038.jpg 1 36 31 38 38
1778_0005_0004_0067_0067.jpg 1 5 4 67 67
1779_0042_0014_0051_0051.jpg 1 42 14 51 51
1780_0028_0014_0039_0039.jpg 1 28 14 39 39
1781_0006_0043_0031_0031.jpg 1 6 43 31 31
1782_0040_0016_0029_0029.jpg 1 40 16 29 29
1783_0046_0026_0026_0026.jpg 1 46 26 26 26
1784_0040_0010_0033_0033.jpg 1 40 10 33 33
1785_0037_0009_0030_0030.jpg 1 37 9 30 30
1786_0017_0003_0067_0067.jpg 1 17 3 67 67
1787_0011_0027_0066_0066.jpg 1 11 27 66 66
1788_0018_0010_0064_0064.jpg 1 18 10 64 64
1789_0041_0060_0030_0030.jpg 1 41 60 30 30
1790_0016_0024_0067_0067.jpg 1 16 24 67 67
1791_0021_0024_0062_0062.jpg 1 21 24 62 62
1792_0022_0026_0063_0063.jpg 1 22 26 63 63
1793_0039_0031_0024_0024.jpg 1 39 31 24 24
1794_0006_0014_0068_0068.jpg 1 6 14 68 68
1795_0012_0010_0046_0046.jpg 1 12 10 46 46
1796_0042_0025_0034_0034.jpg 1 42 25 34 34
1797_0020_0019_0050_0050.jpg 1 20 19 50 50
1798_0012_0045_0042_0042.jpg 1 12 45 42 42
1799_0031_0031_0038_0038.jpg 1 31 31 38 38
1800_0007_0014_0060_0060.jpg 1 7 14 60 60
1801_0043_0007_0031_0031.jpg 1 43 7 31 31
1802_0007_0029_0036_0036.jpg 1 7 29 36 36
1803_0052_0034_0034_0034.jpg 1 52 34 34 34
1804_0018_0037_0054_0054.jpg 1 18 37 54 54
1805_0024_0005_0065_0065.jpg 1 24 5 65 65
1806_0033_0048_0035_0035.jpg 1 33 48 35 35
1807_0031_0033_0034_0034.jpg 1 31 33 34 34
1808_0026_0030_0059_0059.jpg 1 26 30 59 59
1809_0005_0014_0047_0047.jpg 1 5 14 47 47
1810_0051_0039_0024_0024.jpg 1 51 39 24 24
1811_0017_0050_0038_0038.jpg 1 17 50 38 38
1812_0039_0026_0053_0053.jpg 1 39 26 53 53
1813_0017_0016_0069_0069.jpg 1 17 16 69 69
1814_0005_0033_0055_0055.jpg 1 5 33 55 55
1815_0023_0039_0050_0050.jpg 1 23 39 50 50
1816_0012_0025_0064_0064.jpg 1 12 25 64 64
1817_0042_0049_0025_0025.jpg 1 42 49 25 25
1818_0014_0007_0061_0061.jpg 1 14 7 61 61
1819_0037_0034_0029_0029.jpg 1 37 34 29 29
1820_0021_0033_0043_0043.jpg 1 21 33 43 43
1821_0031_0053_0039_0039.jpg 1 31 53 39 39
1822_0007_0022_0063_0063.jpg 1 7 22 63 63
1823_0020_0009_0042_0042.jpg 1 20 9 42 42
1824_0042_0036_0051_0051.jpg 1 42 36 51 51
1825_0032_0012_0064_0064.jpg 1 32 12 64 64
1826_0032_0030_0044_0044.jpg 1 32 30 44 44
1827_0025_0017_0062_0062.jpg 1 25 17 62 62
1828_0028_0027_0060_0060.jpg 1 28 27 60 60
1829_0026_0015_0057_0057.jpg 1 26 15 57 57
1830_0043_0012_0027_0027.jpg 1 43 12 27 27
1831_0044_0021_0047_0047.jpg 1 44 21 47 47
1832_0020_0018_0046_0046.jpg 1 20 18 46 46
1833_0015_0011_0069_0069.jpg 1 15 11 69 69
1834_0038_0051_0030_0030.jpg 1 38 51 30 30
1835_0009_0006_0046_0046.jpg 1 9 6 46 46
1836_0007_0030_0051_0051.jpg 1 7 30 51 51
1837_0038_0028_0056_0056.jpg 1 38 28 56 56
1838_0048_0036_0041_0041.jpg 1 48 36 41 41
1839_0029_0041_0048_0048.jpg 1 29 41 48 48
1840_0020_0034_0062_0062.jpg 1 20 34 62 62
1841_0017_0019_0046_0046.jpg 1 17 19 46 46
1842_0028_0022_0061_0061.jpg 1 28 22 61 61
1843_0016_0012_0056_0056.jpg 1 16 12 56 56
1844_0023_0019_0069_0069.jpg 1 23 19 69 69
1845_0030_0013_0065_0065.jpg 1 30 13 65 65
1846_0031_0008_0026_0026.jpg 1 31 8 26 26
1847_0007_0024_0055_0055.jpg 1 7 24 55 55
1848_0048_0059_0025_0025.jpg 1 48 59 25 25
1849_0047_0018_0044_0044.jpg 1 47 18 44 44
1850_0014_0030_0051_0051.jpg 1 14 30 51 51
1851_0037_0010_0054_0054.jpg 1 37 10 54 54
1852_0028_0009_0058_0058.jpg 1 28 9 58 58
1853_0038_0019_0055_0055.jpg 1 38 19 55 55
1854_0009_0015_0049_0049.jpg 1 9 15 49 49
1855_0019_0029_0054_0054.jpg 1 19 29 54 54
1856_0022_0005_0060_0060.jpg 1 22 5 60 60
1857_0027_0011_0039_0039.jpg 1 27 11 39 39
1858_0033_0035_0059_0059.jpg 1 33 35 59 59
1859_0005_0027_0046_0046.jpg 1 5 27 46 46
1860_0019_0023_0057_0057.jpg 1 19 23 57 57
1861_0026_0036_0025_0025.jpg 1 26 36 25 25
1862_0010_0011_0028_0028.jpg 1 10 11 28 28
1863_0038_0064_0027_0027.jpg 1 38 64 27 27
1864_0009_0005_0066_0066.jpg 1 9 5 66 66
1865_0021_0011_0039_0039.jpg 1 21 11 39 39
1866_0051_0040_0034_0034.jpg 1 51 40 34 34
1867_0049_0059_0027_0027.jpg 1 49 59 27 27
1868_0049_0011_0042_0042.jpg 1 49 11 42 42
1869_0009_0007_0024_0024.jpg 1 9 7 24 24
1870_0044_0024_0051_0051.jpg 1 44 24 51 51
1871_0011_0004_0060_0060.jpg 1 11 4 60 60
1872_0012_0011_0062_0062.jpg 1 12 11 62 62
1873_0049_0029_0043_0043.jpg 1 49 29 43 43
1874_0019_0033_0038_0038.jpg 1 19 33 38 38
1875_0026_0042_0026_0026.jpg 1 26 42 26 26
1876_0022_0014_0045_0045.jpg 1 22 14 45 45
1877_0032_0021_0031_0031.jpg 1 32 21 31 31
1878_0026_0018_0034_0034.jpg 1 26 18 34 34
1879_0036_0017_0031_0031.jpg 1 36 17 31 31
1880_0024_0040_0046_0046.jpg 1 24 40 46 46
1881_0016_0020_0066_0066.jpg 1 16 20 66 66
1882_0006_0011_0069_0069.jpg 1 6 11 69 69
1883_0052_0034_0041_0041.jpg 1 52 34 41 41
1884_0036_0025_0058_0058.jpg 1 36 25 58 58
1885_0006_0008_0066_0066.jpg 1 6 8 66 66
1886_0055_0042_0037_0037.jpg 1 55 42 37 37
1887_0019_0025_0068_0068.jpg 1 19 25 68 68
1888_0009_0019_0044_0044.jpg 1 9 19 44 44
1889_0040_0007_0027_0027.jpg 1 40 7 27 27
1890_0034_0043_0024_0024.jpg 1 34 43 24 24
1891_0016_0041_0037_0037.jpg 1 16 41 37 37
1892_0027_0010_0068_0068.jpg 1 27 10 68 68
1893_0019_0035_0034_0034.jpg 1 19 35 34 34
1894_0021_0029_0032_0032.jpg 1 21 29 32 32
1895_0029_0028_0049_0049.jpg 1 29 28 49 49
1896_0061_0030_0030_0030.jpg 1 61 30 30 30
1897_0050_0037_0027_0027.jpg 1 50 37 27 27
1898_0052_0035_0025_0025.jpg 1 52 35 25 25
1899_0015_0013_0047_0047.jpg 1 15 13 47 47
1900_0025_0022_0050_0050.jpg 1 25 22 50 50
1901_0036_0026_0024_0024.jpg 1 36 26 24 24
1902_0031_0012_0054_0054.jpg 1 31 12 54 54
1903_0062_0060_0028_0028.jpg 1 62 60 28 28
1904_0031_0031_0035_0035.jpg 1 31 31 35 35
1905_0005_0009_0067_0067.jpg 1 5 9 67 67
1906_0008_0020_0065_0065.jpg 1 8 20 65 65
1907_0035_0015_0047_0047.jpg 1 35 15 47 47
1908_0011_0010_0049_0049.jpg 1 11 10 49 49
1909_0029_0012_0064_0064.jpg 1 29 12 64 64
1910_0011_0020_0067_0067.jpg 1 11 20 67 67
1911_0020_0030_0056_0056.jpg 1 20 30 56 56
1912_0013_0023_0061_0061.jpg 1 13 23 61 61
1913_0048_0054_0027_0027.jpg 1 48 54 27 27
1914_0012_0052_0029_0029.jpg 1 12 52 29 29
1915_0029_0031_0048_0048.jpg 1 29 31 48 48
1916_0037_0024_0042_0042.jpg 1 37 24 42 42
1917_0024_0006_0068_0068.jpg 1 24 6 68 68
1918_0060_0031_0030_0030.jpg 1 60 31 30 30
1919_0032_0018_0049_0049.jpg 1 32 18 49 49
1920_0015_0049_0026_0026.jpg 1 15 49 26 26
1921_0016_0039_0056_0056.jpg 1 16 39 56 56
1922_0015_0014_0032_0032.jpg 1 15 14 32 32
1923_0005_0016_0049_0049.jpg 1 5 16 49 49
1924_0020_0021_0059_0059.jpg 1 20 21 59 59
1925_0037_0043_0049_0049.jpg 1 37 43 49 49
1926_0007_0043_0047_0047.jpg 1 7 43 47 47
1927_0009_0013_0056_0056.jpg 1 9 13 56 56
1928_0024_0026_0065_0065.jpg 1 24 26 65 65
1929_0057_0062_0026_0026.jpg 1 57 62 26 26
1930_0029_0033_0028_0028.jpg 1 29 33 28 28
1931_0047_0052_0036_0036.jpg 1 47 52 36 36
1932_0035_0041_0047_0047.jpg 1 35 41 47 47
1933_0004_0010_0059_0059.jpg 1 4 10 59 59
1934_0033_0022_0047_0047.jpg 1 33 22 47 47
1935_0035_0028_0057_0057.jpg 1 35 28 57 57
1936_0011_0009_0063_0063.jpg 1 11 9 63 63
1937_0029_0034_0046_0046.jpg 1 29 34 46 46
1938_0039_0031_0055_0055.jpg 1 39 31 55 55
1939_0025_0005_0065_0065.jpg 1 25 5 65 65
1940_0055_0026_0030_0030.jpg 1 55 26 30 30
1941_0008_0024_0061_0061.jpg 1 8 24 61 61
1942_0020_0025_0057_0057.jpg 1 20 25 57 57
1943_0024_0031_0061_0061.jpg 1 24 31 61 61
1944_0024_0029_0055_0055.jpg 1 24 29 55 55
1945_0058_0059_0033_0033.jpg 1 58 59 33 33
1946_0041_0014_0027_0027.jpg 1 41 14 27 27
1947_0007_0047_0037_0037.jpg 1 7 47 37 37
1948_0023_0026_0066_0066.jpg 1 23 26 66 66
1949_0012_0032_0063_0063.jpg 1 12 32 63 63
1950_0043_0038_0039_0039.jpg 1 43 38 39 39
